[0.958s] Invoking command in '/home/genesis/Desktop/from_joystick_to_esp32/src/joystick_control': PYTHONPATH=/home/genesis/Desktop/from_joystick_to_esp32/build/joystick_control/prefix_override:/usr/lib/python3/dist-packages/colcon_core/task/python/colcon_distutils_commands:/home/genesis/Desktop/from_joystick_to_esp32/install/joystick_control/lib/python3.10/site-packages:${PYTHONPATH} /usr/bin/python3 -W ignore:setup.py install is deprecated setup.py egg_info --egg-base ../../build/joystick_control build --build-base /home/genesis/Desktop/from_joystick_to_esp32/build/joystick_control/build install --record /home/genesis/Desktop/from_joystick_to_esp32/build/joystick_control/install.log --single-version-externally-managed install_data
[1.299s] running egg_info
[1.300s] writing ../../build/joystick_control/joystick_control.egg-info/PKG-INFO
[1.300s] writing dependency_links to ../../build/joystick_control/joystick_control.egg-info/dependency_links.txt
[1.301s] writing entry points to ../../build/joystick_control/joystick_control.egg-info/entry_points.txt
[1.301s] writing requirements to ../../build/joystick_control/joystick_control.egg-info/requires.txt
[1.301s] writing top-level names to ../../build/joystick_control/joystick_control.egg-info/top_level.txt
[1.304s] reading manifest file '../../build/joystick_control/joystick_control.egg-info/SOURCES.txt'
[1.306s] writing manifest file '../../build/joystick_control/joystick_control.egg-info/SOURCES.txt'
[1.306s] running build
[1.306s] running build_py
[1.307s] running install
[1.307s] running install_lib
[1.309s] running install_data
[1.309s] copying launch/joystick.launch.py -> /home/genesis/Desktop/from_joystick_to_esp32/install/joystick_control/share/joystick_control/launch
[1.309s] running install_egg_info
[1.313s] removing '/home/genesis/Desktop/from_joystick_to_esp32/install/joystick_control/lib/python3.10/site-packages/joystick_control-0.0.0-py3.10.egg-info' (and everything under it)
[1.313s] Copying ../../build/joystick_control/joystick_control.egg-info to /home/genesis/Desktop/from_joystick_to_esp32/install/joystick_control/lib/python3.10/site-packages/joystick_control-0.0.0-py3.10.egg-info
[1.315s] running install_scripts
[1.346s] writing list of installed files to '/home/genesis/Desktop/from_joystick_to_esp32/build/joystick_control/install.log'
[1.380s] Invoked command in '/home/genesis/Desktop/from_joystick_to_esp32/src/joystick_control' returned '0': PYTHONPATH=/home/genesis/Desktop/from_joystick_to_esp32/build/joystick_control/prefix_override:/usr/lib/python3/dist-packages/colcon_core/task/python/colcon_distutils_commands:/home/genesis/Desktop/from_joystick_to_esp32/install/joystick_control/lib/python3.10/site-packages:${PYTHONPATH} /usr/bin/python3 -W ignore:setup.py install is deprecated setup.py egg_info --egg-base ../../build/joystick_control build --build-base /home/genesis/Desktop/from_joystick_to_esp32/build/joystick_control/build install --record /home/genesis/Desktop/from_joystick_to_esp32/build/joystick_control/install.log --single-version-externally-managed install_data
