[0.861s] Invoking command in '/home/genesis/Desktop/from_joystick_to_esp32/build/joystick_control': PYTHONPATH=/home/genesis/Desktop/from_joystick_to_esp32/build/joystick_control/prefix_override:/usr/lib/python3/dist-packages/colcon_core/task/python/colcon_distutils_commands:/home/genesis/Desktop/from_joystick_to_esp32/install/joystick_control/lib/python3.10/site-packages:${PYTHONPATH} /usr/bin/python3 -W ignore:setup.py install is deprecated setup.py develop --editable --build-directory /home/genesis/Desktop/from_joystick_to_esp32/build/joystick_control/build --no-deps symlink_data
[1.239s] running develop
[1.240s] /usr/lib/python3/dist-packages/setuptools/command/easy_install.py:158: EasyInstallDeprecationWarning: easy_install command is deprecated. Use build and pip and other standards-based tools.
[1.240s]   warnings.warn(
[1.485s] running egg_info
[1.485s] creating joystick_control.egg-info
[1.485s] writing joystick_control.egg-info/PKG-INFO
[1.485s] writing dependency_links to joystick_control.egg-info/dependency_links.txt
[1.486s] writing entry points to joystick_control.egg-info/entry_points.txt
[1.486s] writing requirements to joystick_control.egg-info/requires.txt
[1.486s] writing top-level names to joystick_control.egg-info/top_level.txt
[1.486s] writing manifest file 'joystick_control.egg-info/SOURCES.txt'
[1.488s] reading manifest file 'joystick_control.egg-info/SOURCES.txt'
[1.489s] writing manifest file 'joystick_control.egg-info/SOURCES.txt'
[1.491s] running build_ext
[1.491s] Creating /home/genesis/Desktop/from_joystick_to_esp32/install/joystick_control/lib/python3.10/site-packages/joystick-control.egg-link (link to .)
[1.492s] 
[1.492s] Installed /home/genesis/Desktop/from_joystick_to_esp32/build/joystick_control
[1.492s] running symlink_data
[1.493s] creating /home/genesis/Desktop/from_joystick_to_esp32/install/joystick_control/share/ament_index
[1.493s] creating /home/genesis/Desktop/from_joystick_to_esp32/install/joystick_control/share/ament_index/resource_index
[1.493s] creating /home/genesis/Desktop/from_joystick_to_esp32/install/joystick_control/share/ament_index/resource_index/packages
[1.493s] symbolically linking /home/genesis/Desktop/from_joystick_to_esp32/build/joystick_control/resource/joystick_control -> /home/genesis/Desktop/from_joystick_to_esp32/install/joystick_control/share/ament_index/resource_index/packages
[1.493s] symbolically linking /home/genesis/Desktop/from_joystick_to_esp32/build/joystick_control/package.xml -> /home/genesis/Desktop/from_joystick_to_esp32/install/joystick_control/share/joystick_control
[1.493s] creating /home/genesis/Desktop/from_joystick_to_esp32/install/joystick_control/share/joystick_control/launch
[1.493s] symbolically linking /home/genesis/Desktop/from_joystick_to_esp32/build/joystick_control/launch/joystick.launch.py -> /home/genesis/Desktop/from_joystick_to_esp32/install/joystick_control/share/joystick_control/launch
[1.534s] Invoked command in '/home/genesis/Desktop/from_joystick_to_esp32/build/joystick_control' returned '0': PYTHONPATH=/home/genesis/Desktop/from_joystick_to_esp32/build/joystick_control/prefix_override:/usr/lib/python3/dist-packages/colcon_core/task/python/colcon_distutils_commands:/home/genesis/Desktop/from_joystick_to_esp32/install/joystick_control/lib/python3.10/site-packages:${PYTHONPATH} /usr/bin/python3 -W ignore:setup.py install is deprecated setup.py develop --editable --build-directory /home/genesis/Desktop/from_joystick_to_esp32/build/joystick_control/build --no-deps symlink_data
