[0.142s] DEBUG:colcon:Command line arguments: ['/usr/bin/colcon', 'build', '--symlink-install']
[0.143s] DEBUG:colcon:Parsed command line arguments: Namespace(log_base=None, log_level=None, verb_name='build', build_base='build', install_base='install', merge_install=False, symlink_install=True, test_result_base=None, continue_on_error=False, executor='parallel', parallel_workers=4, event_handlers=None, ignore_user_meta=False, metas=['./colcon.meta'], base_paths=['.'], packages_ignore=None, packages_ignore_regex=None, paths=None, packages_up_to=None, packages_up_to_regex=None, packages_above=None, packages_above_and_dependencies=None, packages_above_depth=None, packages_select_by_dep=None, packages_skip_by_dep=None, packages_skip_up_to=None, packages_select_build_failed=False, packages_skip_build_finished=False, packages_select_test_failures=False, packages_skip_test_passed=False, packages_select=None, packages_skip=None, packages_select_regex=None, packages_skip_regex=None, packages_start=None, packages_end=None, allow_overriding=[], cmake_args=None, cmake_target=None, cmake_target_skip_unavailable=False, cmake_clean_cache=False, cmake_clean_first=False, cmake_force_configure=False, ament_cmake_args=None, catkin_cmake_args=None, catkin_skip_building_tests=False, mixin_files=None, mixin=None, verb_parser=<colcon_mixin.mixin.mixin_argument.MixinArgumentDecorator object at 0x7ebba41beda0>, verb_extension=<colcon_core.verb.build.BuildVerb object at 0x7ebba41be710>, main=<bound method BuildVerb.main of <colcon_core.verb.build.BuildVerb object at 0x7ebba41be710>>, mixin_verb=('build',))
[0.427s] Level 1:colcon.colcon_core.package_discovery:discover_packages(colcon_meta) check parameters
[0.427s] Level 1:colcon.colcon_core.package_discovery:discover_packages(recursive) check parameters
[0.427s] Level 1:colcon.colcon_core.package_discovery:discover_packages(ignore) check parameters
[0.427s] Level 1:colcon.colcon_core.package_discovery:discover_packages(path) check parameters
[0.427s] Level 1:colcon.colcon_core.package_discovery:discover_packages(colcon_meta) discover
[0.427s] Level 1:colcon.colcon_core.package_discovery:discover_packages(recursive) discover
[0.427s] INFO:colcon.colcon_core.package_discovery:Crawling recursively for packages in '/home/genesis/Desktop/from_joystick_to_esp32'
[0.428s] Level 1:colcon.colcon_core.package_identification:_identify(.) by extensions ['ignore', 'ignore_ament_install']
[0.428s] Level 1:colcon.colcon_core.package_identification:_identify(.) by extension 'ignore'
[0.428s] Level 1:colcon.colcon_core.package_identification:_identify(.) by extension 'ignore_ament_install'
[0.428s] Level 1:colcon.colcon_core.package_identification:_identify(.) by extensions ['colcon_pkg']
[0.428s] Level 1:colcon.colcon_core.package_identification:_identify(.) by extension 'colcon_pkg'
[0.428s] Level 1:colcon.colcon_core.package_identification:_identify(.) by extensions ['colcon_meta']
[0.428s] Level 1:colcon.colcon_core.package_identification:_identify(.) by extension 'colcon_meta'
[0.428s] Level 1:colcon.colcon_core.package_identification:_identify(.) by extensions ['ros']
[0.428s] Level 1:colcon.colcon_core.package_identification:_identify(.) by extension 'ros'
[0.442s] Level 1:colcon.colcon_core.package_identification:_identify(.) by extensions ['cmake', 'python']
[0.442s] Level 1:colcon.colcon_core.package_identification:_identify(.) by extension 'cmake'
[0.442s] Level 1:colcon.colcon_core.package_identification:_identify(.) by extension 'python'
[0.442s] Level 1:colcon.colcon_core.package_identification:_identify(.) by extensions ['python_setup_py']
[0.442s] Level 1:colcon.colcon_core.package_identification:_identify(.) by extension 'python_setup_py'
[0.443s] Level 1:colcon.colcon_core.package_identification:_identify(build) by extensions ['ignore', 'ignore_ament_install']
[0.443s] Level 1:colcon.colcon_core.package_identification:_identify(build) by extension 'ignore'
[0.443s] Level 1:colcon.colcon_core.package_identification:_identify(build) ignored
[0.443s] Level 1:colcon.colcon_core.package_identification:_identify(install) by extensions ['ignore', 'ignore_ament_install']
[0.443s] Level 1:colcon.colcon_core.package_identification:_identify(install) by extension 'ignore'
[0.443s] Level 1:colcon.colcon_core.package_identification:_identify(install) ignored
[0.443s] Level 1:colcon.colcon_core.package_identification:_identify(log) by extensions ['ignore', 'ignore_ament_install']
[0.443s] Level 1:colcon.colcon_core.package_identification:_identify(log) by extension 'ignore'
[0.443s] Level 1:colcon.colcon_core.package_identification:_identify(log) ignored
[0.443s] Level 1:colcon.colcon_core.package_identification:_identify(src) by extensions ['ignore', 'ignore_ament_install']
[0.444s] Level 1:colcon.colcon_core.package_identification:_identify(src) by extension 'ignore'
[0.444s] Level 1:colcon.colcon_core.package_identification:_identify(src) by extension 'ignore_ament_install'
[0.444s] Level 1:colcon.colcon_core.package_identification:_identify(src) by extensions ['colcon_pkg']
[0.444s] Level 1:colcon.colcon_core.package_identification:_identify(src) by extension 'colcon_pkg'
[0.444s] Level 1:colcon.colcon_core.package_identification:_identify(src) by extensions ['colcon_meta']
[0.444s] Level 1:colcon.colcon_core.package_identification:_identify(src) by extension 'colcon_meta'
[0.444s] Level 1:colcon.colcon_core.package_identification:_identify(src) by extensions ['ros']
[0.444s] Level 1:colcon.colcon_core.package_identification:_identify(src) by extension 'ros'
[0.444s] Level 1:colcon.colcon_core.package_identification:_identify(src) by extensions ['cmake', 'python']
[0.444s] Level 1:colcon.colcon_core.package_identification:_identify(src) by extension 'cmake'
[0.444s] Level 1:colcon.colcon_core.package_identification:_identify(src) by extension 'python'
[0.444s] Level 1:colcon.colcon_core.package_identification:_identify(src) by extensions ['python_setup_py']
[0.444s] Level 1:colcon.colcon_core.package_identification:_identify(src) by extension 'python_setup_py'
[0.444s] Level 1:colcon.colcon_core.package_identification:_identify(src/agent) by extensions ['ignore', 'ignore_ament_install']
[0.444s] Level 1:colcon.colcon_core.package_identification:_identify(src/agent) by extension 'ignore'
[0.445s] Level 1:colcon.colcon_core.package_identification:_identify(src/agent) by extension 'ignore_ament_install'
[0.445s] Level 1:colcon.colcon_core.package_identification:_identify(src/agent) by extensions ['colcon_pkg']
[0.445s] Level 1:colcon.colcon_core.package_identification:_identify(src/agent) by extension 'colcon_pkg'
[0.445s] Level 1:colcon.colcon_core.package_identification:_identify(src/agent) by extensions ['colcon_meta']
[0.445s] Level 1:colcon.colcon_core.package_identification:_identify(src/agent) by extension 'colcon_meta'
[0.445s] Level 1:colcon.colcon_core.package_identification:_identify(src/agent) by extensions ['ros']
[0.445s] Level 1:colcon.colcon_core.package_identification:_identify(src/agent) by extension 'ros'
[0.445s] Level 1:colcon.colcon_core.package_identification:_identify(src/agent) by extensions ['cmake', 'python']
[0.445s] Level 1:colcon.colcon_core.package_identification:_identify(src/agent) by extension 'cmake'
[0.445s] Level 1:colcon.colcon_core.package_identification:_identify(src/agent) by extension 'python'
[0.445s] Level 1:colcon.colcon_core.package_identification:_identify(src/agent) by extensions ['python_setup_py']
[0.445s] Level 1:colcon.colcon_core.package_identification:_identify(src/agent) by extension 'python_setup_py'
[0.445s] Level 1:colcon.colcon_core.package_identification:_identify(src/agent/build) by extensions ['ignore', 'ignore_ament_install']
[0.445s] Level 1:colcon.colcon_core.package_identification:_identify(src/agent/build) by extension 'ignore'
[0.445s] Level 1:colcon.colcon_core.package_identification:_identify(src/agent/build) ignored
[0.446s] Level 1:colcon.colcon_core.package_identification:_identify(src/agent/install) by extensions ['ignore', 'ignore_ament_install']
[0.446s] Level 1:colcon.colcon_core.package_identification:_identify(src/agent/install) by extension 'ignore'
[0.446s] Level 1:colcon.colcon_core.package_identification:_identify(src/agent/install) ignored
[0.446s] Level 1:colcon.colcon_core.package_identification:_identify(src/agent/log) by extensions ['ignore', 'ignore_ament_install']
[0.446s] Level 1:colcon.colcon_core.package_identification:_identify(src/agent/log) by extension 'ignore'
[0.446s] Level 1:colcon.colcon_core.package_identification:_identify(src/agent/log) ignored
[0.446s] Level 1:colcon.colcon_core.package_identification:_identify(src/agent/src) by extensions ['ignore', 'ignore_ament_install']
[0.446s] Level 1:colcon.colcon_core.package_identification:_identify(src/agent/src) by extension 'ignore'
[0.446s] Level 1:colcon.colcon_core.package_identification:_identify(src/agent/src) by extension 'ignore_ament_install'
[0.446s] Level 1:colcon.colcon_core.package_identification:_identify(src/agent/src) by extensions ['colcon_pkg']
[0.446s] Level 1:colcon.colcon_core.package_identification:_identify(src/agent/src) by extension 'colcon_pkg'
[0.447s] Level 1:colcon.colcon_core.package_identification:_identify(src/agent/src) by extensions ['colcon_meta']
[0.447s] Level 1:colcon.colcon_core.package_identification:_identify(src/agent/src) by extension 'colcon_meta'
[0.447s] Level 1:colcon.colcon_core.package_identification:_identify(src/agent/src) by extensions ['ros']
[0.447s] Level 1:colcon.colcon_core.package_identification:_identify(src/agent/src) by extension 'ros'
[0.447s] Level 1:colcon.colcon_core.package_identification:_identify(src/agent/src) by extensions ['cmake', 'python']
[0.447s] Level 1:colcon.colcon_core.package_identification:_identify(src/agent/src) by extension 'cmake'
[0.447s] Level 1:colcon.colcon_core.package_identification:_identify(src/agent/src) by extension 'python'
[0.447s] Level 1:colcon.colcon_core.package_identification:_identify(src/agent/src) by extensions ['python_setup_py']
[0.447s] Level 1:colcon.colcon_core.package_identification:_identify(src/agent/src) by extension 'python_setup_py'
[0.447s] Level 1:colcon.colcon_core.package_identification:_identify(src/agent/src/micro_ros_setup) by extensions ['ignore', 'ignore_ament_install']
[0.447s] Level 1:colcon.colcon_core.package_identification:_identify(src/agent/src/micro_ros_setup) by extension 'ignore'
[0.447s] Level 1:colcon.colcon_core.package_identification:_identify(src/agent/src/micro_ros_setup) by extension 'ignore_ament_install'
[0.447s] Level 1:colcon.colcon_core.package_identification:_identify(src/agent/src/micro_ros_setup) by extensions ['colcon_pkg']
[0.447s] Level 1:colcon.colcon_core.package_identification:_identify(src/agent/src/micro_ros_setup) by extension 'colcon_pkg'
[0.447s] Level 1:colcon.colcon_core.package_identification:_identify(src/agent/src/micro_ros_setup) by extensions ['colcon_meta']
[0.448s] Level 1:colcon.colcon_core.package_identification:_identify(src/agent/src/micro_ros_setup) by extension 'colcon_meta'
[0.448s] Level 1:colcon.colcon_core.package_identification:_identify(src/agent/src/micro_ros_setup) by extensions ['ros']
[0.448s] Level 1:colcon.colcon_core.package_identification:_identify(src/agent/src/micro_ros_setup) by extension 'ros'
[0.451s] DEBUG:colcon.colcon_core.package_identification:Package 'src/agent/src/micro_ros_setup' with type 'ros.ament_cmake' and name 'micro_ros_setup'
[0.451s] Level 1:colcon.colcon_core.package_identification:_identify(src/agent/src/uros) by extensions ['ignore', 'ignore_ament_install']
[0.451s] Level 1:colcon.colcon_core.package_identification:_identify(src/agent/src/uros) by extension 'ignore'
[0.451s] Level 1:colcon.colcon_core.package_identification:_identify(src/agent/src/uros) by extension 'ignore_ament_install'
[0.451s] Level 1:colcon.colcon_core.package_identification:_identify(src/agent/src/uros) by extensions ['colcon_pkg']
[0.451s] Level 1:colcon.colcon_core.package_identification:_identify(src/agent/src/uros) by extension 'colcon_pkg'
[0.452s] Level 1:colcon.colcon_core.package_identification:_identify(src/agent/src/uros) by extensions ['colcon_meta']
[0.452s] Level 1:colcon.colcon_core.package_identification:_identify(src/agent/src/uros) by extension 'colcon_meta'
[0.452s] Level 1:colcon.colcon_core.package_identification:_identify(src/agent/src/uros) by extensions ['ros']
[0.452s] Level 1:colcon.colcon_core.package_identification:_identify(src/agent/src/uros) by extension 'ros'
[0.452s] Level 1:colcon.colcon_core.package_identification:_identify(src/agent/src/uros) by extensions ['cmake', 'python']
[0.452s] Level 1:colcon.colcon_core.package_identification:_identify(src/agent/src/uros) by extension 'cmake'
[0.452s] Level 1:colcon.colcon_core.package_identification:_identify(src/agent/src/uros) by extension 'python'
[0.452s] Level 1:colcon.colcon_core.package_identification:_identify(src/agent/src/uros) by extensions ['python_setup_py']
[0.452s] Level 1:colcon.colcon_core.package_identification:_identify(src/agent/src/uros) by extension 'python_setup_py'
[0.452s] Level 1:colcon.colcon_core.package_identification:_identify(src/agent/src/uros/micro-ROS-Agent) by extensions ['ignore', 'ignore_ament_install']
[0.452s] Level 1:colcon.colcon_core.package_identification:_identify(src/agent/src/uros/micro-ROS-Agent) by extension 'ignore'
[0.452s] Level 1:colcon.colcon_core.package_identification:_identify(src/agent/src/uros/micro-ROS-Agent) by extension 'ignore_ament_install'
[0.452s] Level 1:colcon.colcon_core.package_identification:_identify(src/agent/src/uros/micro-ROS-Agent) by extensions ['colcon_pkg']
[0.452s] Level 1:colcon.colcon_core.package_identification:_identify(src/agent/src/uros/micro-ROS-Agent) by extension 'colcon_pkg'
[0.453s] Level 1:colcon.colcon_core.package_identification:_identify(src/agent/src/uros/micro-ROS-Agent) by extensions ['colcon_meta']
[0.453s] Level 1:colcon.colcon_core.package_identification:_identify(src/agent/src/uros/micro-ROS-Agent) by extension 'colcon_meta'
[0.453s] Level 1:colcon.colcon_core.package_identification:_identify(src/agent/src/uros/micro-ROS-Agent) by extensions ['ros']
[0.453s] Level 1:colcon.colcon_core.package_identification:_identify(src/agent/src/uros/micro-ROS-Agent) by extension 'ros'
[0.453s] Level 1:colcon.colcon_core.package_identification:_identify(src/agent/src/uros/micro-ROS-Agent) by extensions ['cmake', 'python']
[0.453s] Level 1:colcon.colcon_core.package_identification:_identify(src/agent/src/uros/micro-ROS-Agent) by extension 'cmake'
[0.453s] Level 1:colcon.colcon_core.package_identification:_identify(src/agent/src/uros/micro-ROS-Agent) by extension 'python'
[0.453s] Level 1:colcon.colcon_core.package_identification:_identify(src/agent/src/uros/micro-ROS-Agent) by extensions ['python_setup_py']
[0.453s] Level 1:colcon.colcon_core.package_identification:_identify(src/agent/src/uros/micro-ROS-Agent) by extension 'python_setup_py'
[0.453s] Level 1:colcon.colcon_core.package_identification:_identify(src/agent/src/uros/micro-ROS-Agent/micro_ros_agent) by extensions ['ignore', 'ignore_ament_install']
[0.453s] Level 1:colcon.colcon_core.package_identification:_identify(src/agent/src/uros/micro-ROS-Agent/micro_ros_agent) by extension 'ignore'
[0.453s] Level 1:colcon.colcon_core.package_identification:_identify(src/agent/src/uros/micro-ROS-Agent/micro_ros_agent) by extension 'ignore_ament_install'
[0.453s] Level 1:colcon.colcon_core.package_identification:_identify(src/agent/src/uros/micro-ROS-Agent/micro_ros_agent) by extensions ['colcon_pkg']
[0.453s] Level 1:colcon.colcon_core.package_identification:_identify(src/agent/src/uros/micro-ROS-Agent/micro_ros_agent) by extension 'colcon_pkg'
[0.454s] Level 1:colcon.colcon_core.package_identification:_identify(src/agent/src/uros/micro-ROS-Agent/micro_ros_agent) by extensions ['colcon_meta']
[0.454s] Level 1:colcon.colcon_core.package_identification:_identify(src/agent/src/uros/micro-ROS-Agent/micro_ros_agent) by extension 'colcon_meta'
[0.454s] Level 1:colcon.colcon_core.package_identification:_identify(src/agent/src/uros/micro-ROS-Agent/micro_ros_agent) by extensions ['ros']
[0.454s] Level 1:colcon.colcon_core.package_identification:_identify(src/agent/src/uros/micro-ROS-Agent/micro_ros_agent) by extension 'ros'
[0.455s] DEBUG:colcon.colcon_core.package_identification:Package 'src/agent/src/uros/micro-ROS-Agent/micro_ros_agent' with type 'ros.ament_cmake' and name 'micro_ros_agent'
[0.455s] Level 1:colcon.colcon_core.package_identification:_identify(src/agent/src/uros/micro-ROS-Agent/snap) by extensions ['ignore', 'ignore_ament_install']
[0.455s] Level 1:colcon.colcon_core.package_identification:_identify(src/agent/src/uros/micro-ROS-Agent/snap) by extension 'ignore'
[0.455s] Level 1:colcon.colcon_core.package_identification:_identify(src/agent/src/uros/micro-ROS-Agent/snap) by extension 'ignore_ament_install'
[0.455s] Level 1:colcon.colcon_core.package_identification:_identify(src/agent/src/uros/micro-ROS-Agent/snap) by extensions ['colcon_pkg']
[0.455s] Level 1:colcon.colcon_core.package_identification:_identify(src/agent/src/uros/micro-ROS-Agent/snap) by extension 'colcon_pkg'
[0.455s] Level 1:colcon.colcon_core.package_identification:_identify(src/agent/src/uros/micro-ROS-Agent/snap) by extensions ['colcon_meta']
[0.455s] Level 1:colcon.colcon_core.package_identification:_identify(src/agent/src/uros/micro-ROS-Agent/snap) by extension 'colcon_meta'
[0.456s] Level 1:colcon.colcon_core.package_identification:_identify(src/agent/src/uros/micro-ROS-Agent/snap) by extensions ['ros']
[0.456s] Level 1:colcon.colcon_core.package_identification:_identify(src/agent/src/uros/micro-ROS-Agent/snap) by extension 'ros'
[0.456s] Level 1:colcon.colcon_core.package_identification:_identify(src/agent/src/uros/micro-ROS-Agent/snap) by extensions ['cmake', 'python']
[0.456s] Level 1:colcon.colcon_core.package_identification:_identify(src/agent/src/uros/micro-ROS-Agent/snap) by extension 'cmake'
[0.456s] Level 1:colcon.colcon_core.package_identification:_identify(src/agent/src/uros/micro-ROS-Agent/snap) by extension 'python'
[0.456s] Level 1:colcon.colcon_core.package_identification:_identify(src/agent/src/uros/micro-ROS-Agent/snap) by extensions ['python_setup_py']
[0.456s] Level 1:colcon.colcon_core.package_identification:_identify(src/agent/src/uros/micro-ROS-Agent/snap) by extension 'python_setup_py'
[0.456s] Level 1:colcon.colcon_core.package_identification:_identify(src/agent/src/uros/micro-ROS-Agent/snap/hooks) by extensions ['ignore', 'ignore_ament_install']
[0.456s] Level 1:colcon.colcon_core.package_identification:_identify(src/agent/src/uros/micro-ROS-Agent/snap/hooks) by extension 'ignore'
[0.456s] Level 1:colcon.colcon_core.package_identification:_identify(src/agent/src/uros/micro-ROS-Agent/snap/hooks) by extension 'ignore_ament_install'
[0.456s] Level 1:colcon.colcon_core.package_identification:_identify(src/agent/src/uros/micro-ROS-Agent/snap/hooks) by extensions ['colcon_pkg']
[0.456s] Level 1:colcon.colcon_core.package_identification:_identify(src/agent/src/uros/micro-ROS-Agent/snap/hooks) by extension 'colcon_pkg'
[0.456s] Level 1:colcon.colcon_core.package_identification:_identify(src/agent/src/uros/micro-ROS-Agent/snap/hooks) by extensions ['colcon_meta']
[0.456s] Level 1:colcon.colcon_core.package_identification:_identify(src/agent/src/uros/micro-ROS-Agent/snap/hooks) by extension 'colcon_meta'
[0.457s] Level 1:colcon.colcon_core.package_identification:_identify(src/agent/src/uros/micro-ROS-Agent/snap/hooks) by extensions ['ros']
[0.457s] Level 1:colcon.colcon_core.package_identification:_identify(src/agent/src/uros/micro-ROS-Agent/snap/hooks) by extension 'ros'
[0.457s] Level 1:colcon.colcon_core.package_identification:_identify(src/agent/src/uros/micro-ROS-Agent/snap/hooks) by extensions ['cmake', 'python']
[0.457s] Level 1:colcon.colcon_core.package_identification:_identify(src/agent/src/uros/micro-ROS-Agent/snap/hooks) by extension 'cmake'
[0.457s] Level 1:colcon.colcon_core.package_identification:_identify(src/agent/src/uros/micro-ROS-Agent/snap/hooks) by extension 'python'
[0.457s] Level 1:colcon.colcon_core.package_identification:_identify(src/agent/src/uros/micro-ROS-Agent/snap/hooks) by extensions ['python_setup_py']
[0.457s] Level 1:colcon.colcon_core.package_identification:_identify(src/agent/src/uros/micro-ROS-Agent/snap/hooks) by extension 'python_setup_py'
[0.457s] Level 1:colcon.colcon_core.package_identification:_identify(src/agent/src/uros/micro-ROS-Agent/snap/local) by extensions ['ignore', 'ignore_ament_install']
[0.457s] Level 1:colcon.colcon_core.package_identification:_identify(src/agent/src/uros/micro-ROS-Agent/snap/local) by extension 'ignore'
[0.457s] Level 1:colcon.colcon_core.package_identification:_identify(src/agent/src/uros/micro-ROS-Agent/snap/local) by extension 'ignore_ament_install'
[0.457s] Level 1:colcon.colcon_core.package_identification:_identify(src/agent/src/uros/micro-ROS-Agent/snap/local) by extensions ['colcon_pkg']
[0.457s] Level 1:colcon.colcon_core.package_identification:_identify(src/agent/src/uros/micro-ROS-Agent/snap/local) by extension 'colcon_pkg'
[0.457s] Level 1:colcon.colcon_core.package_identification:_identify(src/agent/src/uros/micro-ROS-Agent/snap/local) by extensions ['colcon_meta']
[0.457s] Level 1:colcon.colcon_core.package_identification:_identify(src/agent/src/uros/micro-ROS-Agent/snap/local) by extension 'colcon_meta'
[0.457s] Level 1:colcon.colcon_core.package_identification:_identify(src/agent/src/uros/micro-ROS-Agent/snap/local) by extensions ['ros']
[0.458s] Level 1:colcon.colcon_core.package_identification:_identify(src/agent/src/uros/micro-ROS-Agent/snap/local) by extension 'ros'
[0.458s] Level 1:colcon.colcon_core.package_identification:_identify(src/agent/src/uros/micro-ROS-Agent/snap/local) by extensions ['cmake', 'python']
[0.458s] Level 1:colcon.colcon_core.package_identification:_identify(src/agent/src/uros/micro-ROS-Agent/snap/local) by extension 'cmake'
[0.458s] Level 1:colcon.colcon_core.package_identification:_identify(src/agent/src/uros/micro-ROS-Agent/snap/local) by extension 'python'
[0.458s] Level 1:colcon.colcon_core.package_identification:_identify(src/agent/src/uros/micro-ROS-Agent/snap/local) by extensions ['python_setup_py']
[0.458s] Level 1:colcon.colcon_core.package_identification:_identify(src/agent/src/uros/micro-ROS-Agent/snap/local) by extension 'python_setup_py'
[0.458s] Level 1:colcon.colcon_core.package_identification:_identify(src/agent/src/uros/micro_ros_msgs) by extensions ['ignore', 'ignore_ament_install']
[0.458s] Level 1:colcon.colcon_core.package_identification:_identify(src/agent/src/uros/micro_ros_msgs) by extension 'ignore'
[0.458s] Level 1:colcon.colcon_core.package_identification:_identify(src/agent/src/uros/micro_ros_msgs) by extension 'ignore_ament_install'
[0.458s] Level 1:colcon.colcon_core.package_identification:_identify(src/agent/src/uros/micro_ros_msgs) by extensions ['colcon_pkg']
[0.458s] Level 1:colcon.colcon_core.package_identification:_identify(src/agent/src/uros/micro_ros_msgs) by extension 'colcon_pkg'
[0.458s] Level 1:colcon.colcon_core.package_identification:_identify(src/agent/src/uros/micro_ros_msgs) by extensions ['colcon_meta']
[0.458s] Level 1:colcon.colcon_core.package_identification:_identify(src/agent/src/uros/micro_ros_msgs) by extension 'colcon_meta'
[0.458s] Level 1:colcon.colcon_core.package_identification:_identify(src/agent/src/uros/micro_ros_msgs) by extensions ['ros']
[0.459s] Level 1:colcon.colcon_core.package_identification:_identify(src/agent/src/uros/micro_ros_msgs) by extension 'ros'
[0.459s] DEBUG:colcon.colcon_core.package_identification:Package 'src/agent/src/uros/micro_ros_msgs' with type 'ros.ament_cmake' and name 'micro_ros_msgs'
[0.459s] Level 1:colcon.colcon_core.package_identification:_identify(src/joystick_control) by extensions ['ignore', 'ignore_ament_install']
[0.459s] Level 1:colcon.colcon_core.package_identification:_identify(src/joystick_control) by extension 'ignore'
[0.459s] Level 1:colcon.colcon_core.package_identification:_identify(src/joystick_control) by extension 'ignore_ament_install'
[0.460s] Level 1:colcon.colcon_core.package_identification:_identify(src/joystick_control) by extensions ['colcon_pkg']
[0.460s] Level 1:colcon.colcon_core.package_identification:_identify(src/joystick_control) by extension 'colcon_pkg'
[0.460s] Level 1:colcon.colcon_core.package_identification:_identify(src/joystick_control) by extensions ['colcon_meta']
[0.460s] Level 1:colcon.colcon_core.package_identification:_identify(src/joystick_control) by extension 'colcon_meta'
[0.460s] Level 1:colcon.colcon_core.package_identification:_identify(src/joystick_control) by extensions ['ros']
[0.460s] Level 1:colcon.colcon_core.package_identification:_identify(src/joystick_control) by extension 'ros'
[0.460s] DEBUG:colcon.colcon_core.package_identification:Package 'src/joystick_control' with type 'ros.ament_python' and name 'joystick_control'
[0.460s] Level 1:colcon.colcon_core.package_discovery:discover_packages(recursive) using defaults
[0.461s] Level 1:colcon.colcon_core.package_discovery:discover_packages(ignore) discover
[0.461s] Level 1:colcon.colcon_core.package_discovery:discover_packages(ignore) using defaults
[0.461s] Level 1:colcon.colcon_core.package_discovery:discover_packages(path) discover
[0.461s] Level 1:colcon.colcon_core.package_discovery:discover_packages(path) using defaults
[0.500s] Level 1:colcon.colcon_core.package_discovery:discover_packages(prefix_path) check parameters
[0.500s] Level 1:colcon.colcon_core.package_discovery:discover_packages(prefix_path) discover
[0.502s] DEBUG:colcon.colcon_installed_package_information.package_discovery:Found 4 installed packages in /home/genesis/Desktop/from_joystick_to_esp32/install
[0.504s] DEBUG:colcon.colcon_installed_package_information.package_discovery:Found 270 installed packages in /opt/ros/humble
[0.506s] Level 1:colcon.colcon_core.package_discovery:discover_packages(prefix_path) using defaults
[0.563s] Level 5:colcon.colcon_core.verb:set package 'joystick_control' build argument 'cmake_args' from command line to 'None'
[0.563s] Level 5:colcon.colcon_core.verb:set package 'joystick_control' build argument 'cmake_target' from command line to 'None'
[0.563s] Level 5:colcon.colcon_core.verb:set package 'joystick_control' build argument 'cmake_target_skip_unavailable' from command line to 'False'
[0.563s] Level 5:colcon.colcon_core.verb:set package 'joystick_control' build argument 'cmake_clean_cache' from command line to 'False'
[0.563s] Level 5:colcon.colcon_core.verb:set package 'joystick_control' build argument 'cmake_clean_first' from command line to 'False'
[0.563s] Level 5:colcon.colcon_core.verb:set package 'joystick_control' build argument 'cmake_force_configure' from command line to 'False'
[0.563s] Level 5:colcon.colcon_core.verb:set package 'joystick_control' build argument 'ament_cmake_args' from command line to 'None'
[0.563s] Level 5:colcon.colcon_core.verb:set package 'joystick_control' build argument 'catkin_cmake_args' from command line to 'None'
[0.563s] Level 5:colcon.colcon_core.verb:set package 'joystick_control' build argument 'catkin_skip_building_tests' from command line to 'False'
[0.563s] DEBUG:colcon.colcon_core.verb:Building package 'joystick_control' with the following arguments: {'ament_cmake_args': None, 'build_base': '/home/genesis/Desktop/from_joystick_to_esp32/build/joystick_control', 'catkin_cmake_args': None, 'catkin_skip_building_tests': False, 'cmake_args': None, 'cmake_clean_cache': False, 'cmake_clean_first': False, 'cmake_force_configure': False, 'cmake_target': None, 'cmake_target_skip_unavailable': False, 'install_base': '/home/genesis/Desktop/from_joystick_to_esp32/install/joystick_control', 'merge_install': False, 'path': '/home/genesis/Desktop/from_joystick_to_esp32/src/joystick_control', 'symlink_install': True, 'test_result_base': None}
[0.564s] Level 5:colcon.colcon_core.verb:set package 'micro_ros_msgs' build argument 'cmake_args' from command line to 'None'
[0.564s] Level 5:colcon.colcon_core.verb:set package 'micro_ros_msgs' build argument 'cmake_target' from command line to 'None'
[0.564s] Level 5:colcon.colcon_core.verb:set package 'micro_ros_msgs' build argument 'cmake_target_skip_unavailable' from command line to 'False'
[0.564s] Level 5:colcon.colcon_core.verb:set package 'micro_ros_msgs' build argument 'cmake_clean_cache' from command line to 'False'
[0.564s] Level 5:colcon.colcon_core.verb:set package 'micro_ros_msgs' build argument 'cmake_clean_first' from command line to 'False'
[0.564s] Level 5:colcon.colcon_core.verb:set package 'micro_ros_msgs' build argument 'cmake_force_configure' from command line to 'False'
[0.564s] Level 5:colcon.colcon_core.verb:set package 'micro_ros_msgs' build argument 'ament_cmake_args' from command line to 'None'
[0.564s] Level 5:colcon.colcon_core.verb:set package 'micro_ros_msgs' build argument 'catkin_cmake_args' from command line to 'None'
[0.564s] Level 5:colcon.colcon_core.verb:set package 'micro_ros_msgs' build argument 'catkin_skip_building_tests' from command line to 'False'
[0.564s] DEBUG:colcon.colcon_core.verb:Building package 'micro_ros_msgs' with the following arguments: {'ament_cmake_args': None, 'build_base': '/home/genesis/Desktop/from_joystick_to_esp32/build/micro_ros_msgs', 'catkin_cmake_args': None, 'catkin_skip_building_tests': False, 'cmake_args': None, 'cmake_clean_cache': False, 'cmake_clean_first': False, 'cmake_force_configure': False, 'cmake_target': None, 'cmake_target_skip_unavailable': False, 'install_base': '/home/genesis/Desktop/from_joystick_to_esp32/install/micro_ros_msgs', 'merge_install': False, 'path': '/home/genesis/Desktop/from_joystick_to_esp32/src/agent/src/uros/micro_ros_msgs', 'symlink_install': True, 'test_result_base': None}
[0.565s] Level 5:colcon.colcon_core.verb:set package 'micro_ros_setup' build argument 'cmake_args' from command line to 'None'
[0.565s] Level 5:colcon.colcon_core.verb:set package 'micro_ros_setup' build argument 'cmake_target' from command line to 'None'
[0.565s] Level 5:colcon.colcon_core.verb:set package 'micro_ros_setup' build argument 'cmake_target_skip_unavailable' from command line to 'False'
[0.565s] Level 5:colcon.colcon_core.verb:set package 'micro_ros_setup' build argument 'cmake_clean_cache' from command line to 'False'
[0.565s] Level 5:colcon.colcon_core.verb:set package 'micro_ros_setup' build argument 'cmake_clean_first' from command line to 'False'
[0.565s] Level 5:colcon.colcon_core.verb:set package 'micro_ros_setup' build argument 'cmake_force_configure' from command line to 'False'
[0.565s] Level 5:colcon.colcon_core.verb:set package 'micro_ros_setup' build argument 'ament_cmake_args' from command line to 'None'
[0.565s] Level 5:colcon.colcon_core.verb:set package 'micro_ros_setup' build argument 'catkin_cmake_args' from command line to 'None'
[0.565s] Level 5:colcon.colcon_core.verb:set package 'micro_ros_setup' build argument 'catkin_skip_building_tests' from command line to 'False'
[0.565s] DEBUG:colcon.colcon_core.verb:Building package 'micro_ros_setup' with the following arguments: {'ament_cmake_args': None, 'build_base': '/home/genesis/Desktop/from_joystick_to_esp32/build/micro_ros_setup', 'catkin_cmake_args': None, 'catkin_skip_building_tests': False, 'cmake_args': None, 'cmake_clean_cache': False, 'cmake_clean_first': False, 'cmake_force_configure': False, 'cmake_target': None, 'cmake_target_skip_unavailable': False, 'install_base': '/home/genesis/Desktop/from_joystick_to_esp32/install/micro_ros_setup', 'merge_install': False, 'path': '/home/genesis/Desktop/from_joystick_to_esp32/src/agent/src/micro_ros_setup', 'symlink_install': True, 'test_result_base': None}
[0.566s] Level 5:colcon.colcon_core.verb:set package 'micro_ros_agent' build argument 'cmake_args' from command line to 'None'
[0.566s] Level 5:colcon.colcon_core.verb:set package 'micro_ros_agent' build argument 'cmake_target' from command line to 'None'
[0.566s] Level 5:colcon.colcon_core.verb:set package 'micro_ros_agent' build argument 'cmake_target_skip_unavailable' from command line to 'False'
[0.566s] Level 5:colcon.colcon_core.verb:set package 'micro_ros_agent' build argument 'cmake_clean_cache' from command line to 'False'
[0.566s] Level 5:colcon.colcon_core.verb:set package 'micro_ros_agent' build argument 'cmake_clean_first' from command line to 'False'
[0.566s] Level 5:colcon.colcon_core.verb:set package 'micro_ros_agent' build argument 'cmake_force_configure' from command line to 'False'
[0.566s] Level 5:colcon.colcon_core.verb:set package 'micro_ros_agent' build argument 'ament_cmake_args' from command line to 'None'
[0.566s] Level 5:colcon.colcon_core.verb:set package 'micro_ros_agent' build argument 'catkin_cmake_args' from command line to 'None'
[0.566s] Level 5:colcon.colcon_core.verb:set package 'micro_ros_agent' build argument 'catkin_skip_building_tests' from command line to 'False'
[0.566s] DEBUG:colcon.colcon_core.verb:Building package 'micro_ros_agent' with the following arguments: {'ament_cmake_args': None, 'build_base': '/home/genesis/Desktop/from_joystick_to_esp32/build/micro_ros_agent', 'catkin_cmake_args': None, 'catkin_skip_building_tests': False, 'cmake_args': None, 'cmake_clean_cache': False, 'cmake_clean_first': False, 'cmake_force_configure': False, 'cmake_target': None, 'cmake_target_skip_unavailable': False, 'install_base': '/home/genesis/Desktop/from_joystick_to_esp32/install/micro_ros_agent', 'merge_install': False, 'path': '/home/genesis/Desktop/from_joystick_to_esp32/src/agent/src/uros/micro-ROS-Agent/micro_ros_agent', 'symlink_install': True, 'test_result_base': None}
[0.566s] INFO:colcon.colcon_core.executor:Executing jobs using 'parallel' executor
[0.568s] DEBUG:colcon.colcon_parallel_executor.executor.parallel:run_until_complete
[0.569s] INFO:colcon.colcon_ros.task.ament_cmake.build:Building ROS package in '/home/genesis/Desktop/from_joystick_to_esp32/src/agent/src/uros/micro_ros_msgs' with build type 'ament_cmake'
[0.569s] INFO:colcon.colcon_cmake.task.cmake.build:Building CMake package in '/home/genesis/Desktop/from_joystick_to_esp32/src/agent/src/uros/micro_ros_msgs'
[0.571s] INFO:colcon.colcon_core.plugin_system:Skipping extension 'colcon_core.shell.bat': Not used on non-Windows systems
[0.572s] INFO:colcon.colcon_core.shell:Skip shell extension 'powershell' for command environment: Not usable outside of PowerShell
[0.572s] DEBUG:colcon.colcon_core.shell:Skip shell extension 'dsv' for command environment
[0.576s] INFO:colcon.colcon_ros.task.ament_python.build:Building ROS package in '/home/genesis/Desktop/from_joystick_to_esp32/src/joystick_control' with build type 'ament_python'
[0.576s] Level 1:colcon.colcon_core.shell:create_environment_hook('joystick_control', 'ament_prefix_path')
[0.577s] INFO:colcon.colcon_core.shell:Creating environment hook '/home/genesis/Desktop/from_joystick_to_esp32/install/joystick_control/share/joystick_control/hook/ament_prefix_path.ps1'
[0.578s] INFO:colcon.colcon_core.shell:Creating environment descriptor '/home/genesis/Desktop/from_joystick_to_esp32/install/joystick_control/share/joystick_control/hook/ament_prefix_path.dsv'
[0.578s] INFO:colcon.colcon_core.shell:Creating environment hook '/home/genesis/Desktop/from_joystick_to_esp32/install/joystick_control/share/joystick_control/hook/ament_prefix_path.sh'
[0.579s] INFO:colcon.colcon_core.shell:Skip shell extension 'powershell' for command environment: Not usable outside of PowerShell
[0.580s] DEBUG:colcon.colcon_core.shell:Skip shell extension 'dsv' for command environment
[0.584s] INFO:colcon.colcon_ros.task.ament_cmake.build:Building ROS package in '/home/genesis/Desktop/from_joystick_to_esp32/src/agent/src/micro_ros_setup' with build type 'ament_cmake'
[0.584s] INFO:colcon.colcon_cmake.task.cmake.build:Building CMake package in '/home/genesis/Desktop/from_joystick_to_esp32/src/agent/src/micro_ros_setup'
[0.584s] INFO:colcon.colcon_core.shell:Skip shell extension 'powershell' for command environment: Not usable outside of PowerShell
[0.585s] DEBUG:colcon.colcon_core.shell:Skip shell extension 'dsv' for command environment
[0.596s] DEBUG:colcon.colcon_core.event_handler.log_command:Invoking command in '/home/genesis/Desktop/from_joystick_to_esp32/build/micro_ros_msgs': CMAKE_PREFIX_PATH=/home/genesis/Desktop/from_joystick_to_esp32/install/joystick_control:/opt/ros/humble /usr/bin/cmake --build /home/genesis/Desktop/from_joystick_to_esp32/build/micro_ros_msgs -- -j4 -l4
[1.246s] INFO:colcon.colcon_core.task.python.build:Building Python package in '/home/genesis/Desktop/from_joystick_to_esp32/src/joystick_control'
[1.247s] INFO:colcon.colcon_core.shell:Skip shell extension 'powershell' for command environment: Not usable outside of PowerShell
[1.247s] DEBUG:colcon.colcon_core.shell:Skip shell extension 'dsv' for command environment
[1.266s] DEBUG:colcon.colcon_core.event_handler.log_command:Invoking command in '/home/genesis/Desktop/from_joystick_to_esp32/build/micro_ros_setup': CMAKE_PREFIX_PATH=/home/genesis/Desktop/from_joystick_to_esp32/install/joystick_control:/opt/ros/humble /usr/bin/cmake --build /home/genesis/Desktop/from_joystick_to_esp32/build/micro_ros_setup -- -j4 -l4
[1.336s] DEBUG:colcon.colcon_core.event_handler.log_command:Invoked command in '/home/genesis/Desktop/from_joystick_to_esp32/build/micro_ros_setup' returned '0': CMAKE_PREFIX_PATH=/home/genesis/Desktop/from_joystick_to_esp32/install/joystick_control:/opt/ros/humble /usr/bin/cmake --build /home/genesis/Desktop/from_joystick_to_esp32/build/micro_ros_setup -- -j4 -l4
[1.392s] DEBUG:colcon.colcon_core.event_handler.log_command:Invoking command in '/home/genesis/Desktop/from_joystick_to_esp32/build/micro_ros_setup': CMAKE_PREFIX_PATH=/home/genesis/Desktop/from_joystick_to_esp32/install/joystick_control:/opt/ros/humble /usr/bin/cmake --install /home/genesis/Desktop/from_joystick_to_esp32/build/micro_ros_setup
[1.451s] Level 1:colcon.colcon_core.environment:create_environment_scripts_only(micro_ros_setup)
[1.461s] Level 1:colcon.colcon_core.environment:checking '/home/genesis/Desktop/from_joystick_to_esp32/install/micro_ros_setup' for CMake module files
[1.463s] Level 1:colcon.colcon_core.environment:checking '/home/genesis/Desktop/from_joystick_to_esp32/install/micro_ros_setup' for CMake config files
[1.465s] Level 1:colcon.colcon_core.shell:create_environment_hook('micro_ros_setup', 'cmake_prefix_path')
[1.466s] INFO:colcon.colcon_core.shell:Creating environment hook '/home/genesis/Desktop/from_joystick_to_esp32/install/micro_ros_setup/share/micro_ros_setup/hook/cmake_prefix_path.ps1'
[1.467s] INFO:colcon.colcon_core.shell:Creating environment descriptor '/home/genesis/Desktop/from_joystick_to_esp32/install/micro_ros_setup/share/micro_ros_setup/hook/cmake_prefix_path.dsv'
[1.468s] INFO:colcon.colcon_core.shell:Creating environment hook '/home/genesis/Desktop/from_joystick_to_esp32/install/micro_ros_setup/share/micro_ros_setup/hook/cmake_prefix_path.sh'
[1.472s] Level 1:colcon.colcon_core.environment:checking '/home/genesis/Desktop/from_joystick_to_esp32/install/micro_ros_setup/lib'
[1.473s] Level 1:colcon.colcon_core.environment:checking '/home/genesis/Desktop/from_joystick_to_esp32/install/micro_ros_setup/bin'
[1.473s] Level 1:colcon.colcon_core.environment:checking '/home/genesis/Desktop/from_joystick_to_esp32/install/micro_ros_setup/lib/pkgconfig/micro_ros_setup.pc'
[1.473s] Level 1:colcon.colcon_core.environment:checking '/home/genesis/Desktop/from_joystick_to_esp32/install/micro_ros_setup/lib/python3.10/site-packages'
[1.474s] Level 1:colcon.colcon_core.environment:checking '/home/genesis/Desktop/from_joystick_to_esp32/install/micro_ros_setup/bin'
[1.475s] INFO:colcon.colcon_core.shell:Creating package script '/home/genesis/Desktop/from_joystick_to_esp32/install/micro_ros_setup/share/micro_ros_setup/package.ps1'
[1.479s] INFO:colcon.colcon_core.shell:Creating package descriptor '/home/genesis/Desktop/from_joystick_to_esp32/install/micro_ros_setup/share/micro_ros_setup/package.dsv'
[1.484s] INFO:colcon.colcon_core.shell:Creating package script '/home/genesis/Desktop/from_joystick_to_esp32/install/micro_ros_setup/share/micro_ros_setup/package.sh'
[1.487s] INFO:colcon.colcon_core.shell:Creating package script '/home/genesis/Desktop/from_joystick_to_esp32/install/micro_ros_setup/share/micro_ros_setup/package.bash'
[1.489s] INFO:colcon.colcon_core.shell:Creating package script '/home/genesis/Desktop/from_joystick_to_esp32/install/micro_ros_setup/share/micro_ros_setup/package.zsh'
[1.491s] Level 1:colcon.colcon_core.environment:create_file_with_runtime_dependencies(/home/genesis/Desktop/from_joystick_to_esp32/install/micro_ros_setup/share/colcon-core/packages/micro_ros_setup)
[1.503s] DEBUG:colcon.colcon_core.event_handler.log_command:Invoked command in '/home/genesis/Desktop/from_joystick_to_esp32/build/micro_ros_setup' returned '0': CMAKE_PREFIX_PATH=/home/genesis/Desktop/from_joystick_to_esp32/install/joystick_control:/opt/ros/humble /usr/bin/cmake --install /home/genesis/Desktop/from_joystick_to_esp32/build/micro_ros_setup
[1.503s] DEBUG:colcon.colcon_core.event_handler.log_command:Invoked command in '/home/genesis/Desktop/from_joystick_to_esp32/build/micro_ros_msgs' returned '0': CMAKE_PREFIX_PATH=/home/genesis/Desktop/from_joystick_to_esp32/install/joystick_control:/opt/ros/humble /usr/bin/cmake --build /home/genesis/Desktop/from_joystick_to_esp32/build/micro_ros_msgs -- -j4 -l4
[1.544s] Level 1:colcon.colcon_core.environment:create_environment_scripts_only(micro_ros_setup)
[1.545s] Level 1:colcon.colcon_core.environment:checking '/home/genesis/Desktop/from_joystick_to_esp32/install/micro_ros_setup' for CMake module files
[1.546s] Level 1:colcon.colcon_core.environment:checking '/home/genesis/Desktop/from_joystick_to_esp32/install/micro_ros_setup' for CMake config files
[1.548s] Level 1:colcon.colcon_core.shell:create_environment_hook('micro_ros_setup', 'cmake_prefix_path')
[1.549s] INFO:colcon.colcon_core.shell:Creating environment hook '/home/genesis/Desktop/from_joystick_to_esp32/install/micro_ros_setup/share/micro_ros_setup/hook/cmake_prefix_path.ps1'
[1.550s] INFO:colcon.colcon_core.shell:Creating environment descriptor '/home/genesis/Desktop/from_joystick_to_esp32/install/micro_ros_setup/share/micro_ros_setup/hook/cmake_prefix_path.dsv'
[1.551s] INFO:colcon.colcon_core.shell:Creating environment hook '/home/genesis/Desktop/from_joystick_to_esp32/install/micro_ros_setup/share/micro_ros_setup/hook/cmake_prefix_path.sh'
[1.552s] Level 1:colcon.colcon_core.environment:checking '/home/genesis/Desktop/from_joystick_to_esp32/install/micro_ros_setup/lib'
[1.552s] Level 1:colcon.colcon_core.environment:checking '/home/genesis/Desktop/from_joystick_to_esp32/install/micro_ros_setup/bin'
[1.552s] Level 1:colcon.colcon_core.environment:checking '/home/genesis/Desktop/from_joystick_to_esp32/install/micro_ros_setup/lib/pkgconfig/micro_ros_setup.pc'
[1.553s] Level 1:colcon.colcon_core.environment:checking '/home/genesis/Desktop/from_joystick_to_esp32/install/micro_ros_setup/lib/python3.10/site-packages'
[1.553s] Level 1:colcon.colcon_core.environment:checking '/home/genesis/Desktop/from_joystick_to_esp32/install/micro_ros_setup/bin'
[1.554s] INFO:colcon.colcon_core.shell:Creating package script '/home/genesis/Desktop/from_joystick_to_esp32/install/micro_ros_setup/share/micro_ros_setup/package.ps1'
[1.555s] INFO:colcon.colcon_core.shell:Creating package descriptor '/home/genesis/Desktop/from_joystick_to_esp32/install/micro_ros_setup/share/micro_ros_setup/package.dsv'
[1.557s] INFO:colcon.colcon_core.shell:Creating package script '/home/genesis/Desktop/from_joystick_to_esp32/install/micro_ros_setup/share/micro_ros_setup/package.sh'
[1.558s] INFO:colcon.colcon_core.shell:Creating package script '/home/genesis/Desktop/from_joystick_to_esp32/install/micro_ros_setup/share/micro_ros_setup/package.bash'
[1.559s] INFO:colcon.colcon_core.shell:Creating package script '/home/genesis/Desktop/from_joystick_to_esp32/install/micro_ros_setup/share/micro_ros_setup/package.zsh'
[1.560s] Level 1:colcon.colcon_core.environment:create_file_with_runtime_dependencies(/home/genesis/Desktop/from_joystick_to_esp32/install/micro_ros_setup/share/colcon-core/packages/micro_ros_setup)
[1.686s] DEBUG:colcon.colcon_core.event_handler.log_command:Invoking command in '/home/genesis/Desktop/from_joystick_to_esp32/build/micro_ros_msgs': CMAKE_PREFIX_PATH=/home/genesis/Desktop/from_joystick_to_esp32/install/joystick_control:/opt/ros/humble /usr/bin/cmake --install /home/genesis/Desktop/from_joystick_to_esp32/build/micro_ros_msgs
[1.835s] Level 1:colcon.colcon_core.environment:create_environment_scripts_only(micro_ros_msgs)
[1.835s] Level 1:colcon.colcon_core.environment:checking '/home/genesis/Desktop/from_joystick_to_esp32/install/micro_ros_msgs' for CMake module files
[1.836s] DEBUG:colcon.colcon_core.event_handler.log_command:Invoked command in '/home/genesis/Desktop/from_joystick_to_esp32/build/micro_ros_msgs' returned '0': CMAKE_PREFIX_PATH=/home/genesis/Desktop/from_joystick_to_esp32/install/joystick_control:/opt/ros/humble /usr/bin/cmake --install /home/genesis/Desktop/from_joystick_to_esp32/build/micro_ros_msgs
[1.837s] Level 1:colcon.colcon_core.environment:checking '/home/genesis/Desktop/from_joystick_to_esp32/install/micro_ros_msgs' for CMake config files
[1.840s] Level 1:colcon.colcon_core.shell:create_environment_hook('micro_ros_msgs', 'cmake_prefix_path')
[1.840s] INFO:colcon.colcon_core.shell:Creating environment hook '/home/genesis/Desktop/from_joystick_to_esp32/install/micro_ros_msgs/share/micro_ros_msgs/hook/cmake_prefix_path.ps1'
[1.841s] INFO:colcon.colcon_core.shell:Creating environment descriptor '/home/genesis/Desktop/from_joystick_to_esp32/install/micro_ros_msgs/share/micro_ros_msgs/hook/cmake_prefix_path.dsv'
[1.842s] INFO:colcon.colcon_core.shell:Creating environment hook '/home/genesis/Desktop/from_joystick_to_esp32/install/micro_ros_msgs/share/micro_ros_msgs/hook/cmake_prefix_path.sh'
[1.843s] Level 1:colcon.colcon_core.environment:checking '/home/genesis/Desktop/from_joystick_to_esp32/install/micro_ros_msgs/lib'
[1.844s] Level 1:colcon.colcon_core.shell:create_environment_hook('micro_ros_msgs', 'ld_library_path_lib')
[1.844s] INFO:colcon.colcon_core.shell:Creating environment hook '/home/genesis/Desktop/from_joystick_to_esp32/install/micro_ros_msgs/share/micro_ros_msgs/hook/ld_library_path_lib.ps1'
[1.845s] INFO:colcon.colcon_core.shell:Creating environment descriptor '/home/genesis/Desktop/from_joystick_to_esp32/install/micro_ros_msgs/share/micro_ros_msgs/hook/ld_library_path_lib.dsv'
[1.846s] INFO:colcon.colcon_core.shell:Creating environment hook '/home/genesis/Desktop/from_joystick_to_esp32/install/micro_ros_msgs/share/micro_ros_msgs/hook/ld_library_path_lib.sh'
[1.847s] Level 1:colcon.colcon_core.environment:checking '/home/genesis/Desktop/from_joystick_to_esp32/install/micro_ros_msgs/bin'
[1.847s] Level 1:colcon.colcon_core.environment:checking '/home/genesis/Desktop/from_joystick_to_esp32/install/micro_ros_msgs/lib/pkgconfig/micro_ros_msgs.pc'
[1.847s] Level 1:colcon.colcon_core.environment:checking '/home/genesis/Desktop/from_joystick_to_esp32/install/micro_ros_msgs/lib/python3.10/site-packages'
[1.848s] Level 1:colcon.colcon_core.environment:checking '/home/genesis/Desktop/from_joystick_to_esp32/install/micro_ros_msgs/bin'
[1.849s] INFO:colcon.colcon_core.shell:Creating package script '/home/genesis/Desktop/from_joystick_to_esp32/install/micro_ros_msgs/share/micro_ros_msgs/package.ps1'
[1.850s] INFO:colcon.colcon_core.shell:Creating package descriptor '/home/genesis/Desktop/from_joystick_to_esp32/install/micro_ros_msgs/share/micro_ros_msgs/package.dsv'
[1.851s] INFO:colcon.colcon_core.shell:Creating package script '/home/genesis/Desktop/from_joystick_to_esp32/install/micro_ros_msgs/share/micro_ros_msgs/package.sh'
[1.852s] INFO:colcon.colcon_core.shell:Creating package script '/home/genesis/Desktop/from_joystick_to_esp32/install/micro_ros_msgs/share/micro_ros_msgs/package.bash'
[1.853s] INFO:colcon.colcon_core.shell:Creating package script '/home/genesis/Desktop/from_joystick_to_esp32/install/micro_ros_msgs/share/micro_ros_msgs/package.zsh'
[1.854s] Level 1:colcon.colcon_core.environment:create_file_with_runtime_dependencies(/home/genesis/Desktop/from_joystick_to_esp32/install/micro_ros_msgs/share/colcon-core/packages/micro_ros_msgs)
[1.976s] Level 1:colcon.colcon_core.environment:create_environment_scripts_only(micro_ros_msgs)
[1.977s] Level 1:colcon.colcon_core.environment:checking '/home/genesis/Desktop/from_joystick_to_esp32/install/micro_ros_msgs' for CMake module files
[1.979s] Level 1:colcon.colcon_core.environment:checking '/home/genesis/Desktop/from_joystick_to_esp32/install/micro_ros_msgs' for CMake config files
[1.981s] Level 1:colcon.colcon_core.shell:create_environment_hook('micro_ros_msgs', 'cmake_prefix_path')
[1.982s] INFO:colcon.colcon_core.shell:Creating environment hook '/home/genesis/Desktop/from_joystick_to_esp32/install/micro_ros_msgs/share/micro_ros_msgs/hook/cmake_prefix_path.ps1'
[1.983s] INFO:colcon.colcon_core.shell:Creating environment descriptor '/home/genesis/Desktop/from_joystick_to_esp32/install/micro_ros_msgs/share/micro_ros_msgs/hook/cmake_prefix_path.dsv'
[1.983s] INFO:colcon.colcon_core.shell:Creating environment hook '/home/genesis/Desktop/from_joystick_to_esp32/install/micro_ros_msgs/share/micro_ros_msgs/hook/cmake_prefix_path.sh'
[1.984s] Level 1:colcon.colcon_core.environment:checking '/home/genesis/Desktop/from_joystick_to_esp32/install/micro_ros_msgs/lib'
[1.985s] Level 1:colcon.colcon_core.shell:create_environment_hook('micro_ros_msgs', 'ld_library_path_lib')
[1.985s] INFO:colcon.colcon_core.shell:Creating environment hook '/home/genesis/Desktop/from_joystick_to_esp32/install/micro_ros_msgs/share/micro_ros_msgs/hook/ld_library_path_lib.ps1'
[1.986s] INFO:colcon.colcon_core.shell:Creating environment descriptor '/home/genesis/Desktop/from_joystick_to_esp32/install/micro_ros_msgs/share/micro_ros_msgs/hook/ld_library_path_lib.dsv'
[1.987s] INFO:colcon.colcon_core.shell:Creating environment hook '/home/genesis/Desktop/from_joystick_to_esp32/install/micro_ros_msgs/share/micro_ros_msgs/hook/ld_library_path_lib.sh'
[1.988s] Level 1:colcon.colcon_core.environment:checking '/home/genesis/Desktop/from_joystick_to_esp32/install/micro_ros_msgs/bin'
[1.988s] Level 1:colcon.colcon_core.environment:checking '/home/genesis/Desktop/from_joystick_to_esp32/install/micro_ros_msgs/lib/pkgconfig/micro_ros_msgs.pc'
[1.988s] Level 1:colcon.colcon_core.environment:checking '/home/genesis/Desktop/from_joystick_to_esp32/install/micro_ros_msgs/lib/python3.10/site-packages'
[1.989s] Level 1:colcon.colcon_core.environment:checking '/home/genesis/Desktop/from_joystick_to_esp32/install/micro_ros_msgs/bin'
[1.990s] INFO:colcon.colcon_core.shell:Creating package script '/home/genesis/Desktop/from_joystick_to_esp32/install/micro_ros_msgs/share/micro_ros_msgs/package.ps1'
[1.991s] INFO:colcon.colcon_core.shell:Creating package descriptor '/home/genesis/Desktop/from_joystick_to_esp32/install/micro_ros_msgs/share/micro_ros_msgs/package.dsv'
[1.992s] INFO:colcon.colcon_core.shell:Creating package script '/home/genesis/Desktop/from_joystick_to_esp32/install/micro_ros_msgs/share/micro_ros_msgs/package.sh'
[1.993s] INFO:colcon.colcon_core.shell:Creating package script '/home/genesis/Desktop/from_joystick_to_esp32/install/micro_ros_msgs/share/micro_ros_msgs/package.bash'
[1.994s] INFO:colcon.colcon_core.shell:Creating package script '/home/genesis/Desktop/from_joystick_to_esp32/install/micro_ros_msgs/share/micro_ros_msgs/package.zsh'
[1.995s] Level 1:colcon.colcon_core.environment:create_file_with_runtime_dependencies(/home/genesis/Desktop/from_joystick_to_esp32/install/micro_ros_msgs/share/colcon-core/packages/micro_ros_msgs)
[1.995s] INFO:colcon.colcon_ros.task.ament_cmake.build:Building ROS package in '/home/genesis/Desktop/from_joystick_to_esp32/src/agent/src/uros/micro-ROS-Agent/micro_ros_agent' with build type 'ament_cmake'
[1.996s] INFO:colcon.colcon_cmake.task.cmake.build:Building CMake package in '/home/genesis/Desktop/from_joystick_to_esp32/src/agent/src/uros/micro-ROS-Agent/micro_ros_agent'
[1.996s] INFO:colcon.colcon_core.shell:Skip shell extension 'powershell' for command environment: Not usable outside of PowerShell
[1.997s] DEBUG:colcon.colcon_core.shell:Skip shell extension 'dsv' for command environment
[2.023s] DEBUG:colcon.colcon_core.event_handler.log_command:Invoking command in '/home/genesis/Desktop/from_joystick_to_esp32/build/micro_ros_agent': AMENT_PREFIX_PATH=/home/genesis/Desktop/from_joystick_to_esp32/install/micro_ros_msgs:${AMENT_PREFIX_PATH} CMAKE_PREFIX_PATH=/home/genesis/Desktop/from_joystick_to_esp32/install/micro_ros_msgs:/home/genesis/Desktop/from_joystick_to_esp32/install/joystick_control:/opt/ros/humble LD_LIBRARY_PATH=/home/genesis/Desktop/from_joystick_to_esp32/install/micro_ros_msgs/lib:${LD_LIBRARY_PATH} PYTHONPATH=/home/genesis/Desktop/from_joystick_to_esp32/install/micro_ros_msgs/local/lib/python3.10/dist-packages:${PYTHONPATH} /usr/bin/cmake --build /home/genesis/Desktop/from_joystick_to_esp32/build/micro_ros_agent -- -j4 -l4
[2.065s] DEBUG:colcon.colcon_core.event_handler.log_command:Invoking command in '/home/genesis/Desktop/from_joystick_to_esp32/build/joystick_control': PYTHONPATH=/home/genesis/Desktop/from_joystick_to_esp32/build/joystick_control/prefix_override:/usr/lib/python3/dist-packages/colcon_core/task/python/colcon_distutils_commands:/home/genesis/Desktop/from_joystick_to_esp32/install/joystick_control/lib/python3.10/site-packages:${PYTHONPATH} /usr/bin/python3 -W ignore:setup.py install is deprecated setup.py develop --editable --build-directory /home/genesis/Desktop/from_joystick_to_esp32/build/joystick_control/build --no-deps symlink_data
[2.852s] Level 1:colcon.colcon_core.shell:create_environment_hook('joystick_control', 'pythonpath_develop')
[2.853s] INFO:colcon.colcon_core.shell:Creating environment hook '/home/genesis/Desktop/from_joystick_to_esp32/build/joystick_control/share/joystick_control/hook/pythonpath_develop.ps1'
[2.853s] DEBUG:colcon.colcon_core.event_handler.log_command:Invoked command in '/home/genesis/Desktop/from_joystick_to_esp32/build/joystick_control' returned '0': PYTHONPATH=/home/genesis/Desktop/from_joystick_to_esp32/build/joystick_control/prefix_override:/usr/lib/python3/dist-packages/colcon_core/task/python/colcon_distutils_commands:/home/genesis/Desktop/from_joystick_to_esp32/install/joystick_control/lib/python3.10/site-packages:${PYTHONPATH} /usr/bin/python3 -W ignore:setup.py install is deprecated setup.py develop --editable --build-directory /home/genesis/Desktop/from_joystick_to_esp32/build/joystick_control/build --no-deps symlink_data
[2.854s] INFO:colcon.colcon_core.shell:Creating environment descriptor '/home/genesis/Desktop/from_joystick_to_esp32/build/joystick_control/share/joystick_control/hook/pythonpath_develop.dsv'
[2.855s] INFO:colcon.colcon_core.shell:Creating environment hook '/home/genesis/Desktop/from_joystick_to_esp32/build/joystick_control/share/joystick_control/hook/pythonpath_develop.sh'
[2.856s] Level 1:colcon.colcon_core.environment:checking '/home/genesis/Desktop/from_joystick_to_esp32/install/joystick_control' for CMake module files
[2.857s] Level 1:colcon.colcon_core.environment:checking '/home/genesis/Desktop/from_joystick_to_esp32/install/joystick_control' for CMake config files
[2.857s] Level 1:colcon.colcon_core.environment:checking '/home/genesis/Desktop/from_joystick_to_esp32/install/joystick_control/lib'
[2.857s] Level 1:colcon.colcon_core.environment:checking '/home/genesis/Desktop/from_joystick_to_esp32/install/joystick_control/bin'
[2.858s] Level 1:colcon.colcon_core.environment:checking '/home/genesis/Desktop/from_joystick_to_esp32/install/joystick_control/lib/pkgconfig/joystick_control.pc'
[2.858s] Level 1:colcon.colcon_core.environment:checking '/home/genesis/Desktop/from_joystick_to_esp32/install/joystick_control/lib/python3.10/site-packages'
[2.858s] Level 1:colcon.colcon_core.shell:create_environment_hook('joystick_control', 'pythonpath')
[2.858s] INFO:colcon.colcon_core.shell:Creating environment hook '/home/genesis/Desktop/from_joystick_to_esp32/install/joystick_control/share/joystick_control/hook/pythonpath.ps1'
[2.859s] INFO:colcon.colcon_core.shell:Creating environment descriptor '/home/genesis/Desktop/from_joystick_to_esp32/install/joystick_control/share/joystick_control/hook/pythonpath.dsv'
[2.860s] INFO:colcon.colcon_core.shell:Creating environment hook '/home/genesis/Desktop/from_joystick_to_esp32/install/joystick_control/share/joystick_control/hook/pythonpath.sh'
[2.860s] Level 1:colcon.colcon_core.environment:checking '/home/genesis/Desktop/from_joystick_to_esp32/install/joystick_control/bin'
[2.860s] Level 1:colcon.colcon_core.environment:create_environment_scripts_only(joystick_control)
[2.861s] INFO:colcon.colcon_core.shell:Creating package script '/home/genesis/Desktop/from_joystick_to_esp32/install/joystick_control/share/joystick_control/package.ps1'
[2.862s] INFO:colcon.colcon_core.shell:Creating package descriptor '/home/genesis/Desktop/from_joystick_to_esp32/install/joystick_control/share/joystick_control/package.dsv'
[2.863s] INFO:colcon.colcon_core.shell:Creating package script '/home/genesis/Desktop/from_joystick_to_esp32/install/joystick_control/share/joystick_control/package.sh'
[2.864s] INFO:colcon.colcon_core.shell:Creating package script '/home/genesis/Desktop/from_joystick_to_esp32/install/joystick_control/share/joystick_control/package.bash'
[2.864s] INFO:colcon.colcon_core.shell:Creating package script '/home/genesis/Desktop/from_joystick_to_esp32/install/joystick_control/share/joystick_control/package.zsh'
[2.865s] Level 1:colcon.colcon_core.environment:create_file_with_runtime_dependencies(/home/genesis/Desktop/from_joystick_to_esp32/install/joystick_control/share/colcon-core/packages/joystick_control)
[2.912s] DEBUG:colcon.colcon_core.event_handler.log_command:Invoked command in '/home/genesis/Desktop/from_joystick_to_esp32/build/micro_ros_agent' returned '2': AMENT_PREFIX_PATH=/home/genesis/Desktop/from_joystick_to_esp32/install/micro_ros_msgs:${AMENT_PREFIX_PATH} CMAKE_PREFIX_PATH=/home/genesis/Desktop/from_joystick_to_esp32/install/micro_ros_msgs:/home/genesis/Desktop/from_joystick_to_esp32/install/joystick_control:/opt/ros/humble LD_LIBRARY_PATH=/home/genesis/Desktop/from_joystick_to_esp32/install/micro_ros_msgs/lib:${LD_LIBRARY_PATH} PYTHONPATH=/home/genesis/Desktop/from_joystick_to_esp32/install/micro_ros_msgs/local/lib/python3.10/dist-packages:${PYTHONPATH} /usr/bin/cmake --build /home/genesis/Desktop/from_joystick_to_esp32/build/micro_ros_agent -- -j4 -l4
[2.935s] Level 1:colcon.colcon_core.environment:create_environment_scripts_only(micro_ros_agent)
[2.936s] Level 1:colcon.colcon_core.environment:checking '/home/genesis/Desktop/from_joystick_to_esp32/install/micro_ros_agent' for CMake module files
[2.936s] Level 1:colcon.colcon_core.environment:checking '/home/genesis/Desktop/from_joystick_to_esp32/install/micro_ros_agent' for CMake config files
[2.937s] Level 1:colcon.colcon_core.environment:checking '/home/genesis/Desktop/from_joystick_to_esp32/install/micro_ros_agent/bin'
[2.937s] Level 1:colcon.colcon_core.environment:checking '/home/genesis/Desktop/from_joystick_to_esp32/install/micro_ros_agent/lib/pkgconfig/micro_ros_agent.pc'
[2.937s] Level 1:colcon.colcon_core.environment:checking '/home/genesis/Desktop/from_joystick_to_esp32/install/micro_ros_agent/lib/python3.10/site-packages'
[2.938s] Level 1:colcon.colcon_core.environment:checking '/home/genesis/Desktop/from_joystick_to_esp32/install/micro_ros_agent/bin'
[2.938s] INFO:colcon.colcon_core.shell:Creating package script '/home/genesis/Desktop/from_joystick_to_esp32/install/micro_ros_agent/share/micro_ros_agent/package.ps1'
[2.939s] INFO:colcon.colcon_core.shell:Creating package descriptor '/home/genesis/Desktop/from_joystick_to_esp32/install/micro_ros_agent/share/micro_ros_agent/package.dsv'
[2.940s] INFO:colcon.colcon_core.shell:Creating package script '/home/genesis/Desktop/from_joystick_to_esp32/install/micro_ros_agent/share/micro_ros_agent/package.sh'
[2.941s] INFO:colcon.colcon_core.shell:Creating package script '/home/genesis/Desktop/from_joystick_to_esp32/install/micro_ros_agent/share/micro_ros_agent/package.bash'
[2.941s] INFO:colcon.colcon_core.shell:Creating package script '/home/genesis/Desktop/from_joystick_to_esp32/install/micro_ros_agent/share/micro_ros_agent/package.zsh'
[2.942s] Level 1:colcon.colcon_core.environment:create_file_with_runtime_dependencies(/home/genesis/Desktop/from_joystick_to_esp32/install/micro_ros_agent/share/colcon-core/packages/micro_ros_agent)
[2.952s] DEBUG:colcon.colcon_parallel_executor.executor.parallel:closing loop
[2.953s] DEBUG:colcon.colcon_parallel_executor.executor.parallel:loop closed
[2.953s] DEBUG:colcon.colcon_parallel_executor.executor.parallel:run_until_complete finished with '2'
[2.953s] DEBUG:colcon.colcon_core.event_reactor:joining thread
[2.964s] INFO:colcon.colcon_core.plugin_system:Skipping extension 'colcon_notification.desktop_notification.terminal_notifier': Not used on non-Darwin systems
[2.965s] INFO:colcon.colcon_core.plugin_system:Skipping extension 'colcon_notification.desktop_notification.win32': Not used on non-Windows systems
[2.965s] INFO:colcon.colcon_notification.desktop_notification:Sending desktop notification using 'notify2'
[2.984s] DEBUG:colcon.colcon_core.event_reactor:joined thread
[2.984s] INFO:colcon.colcon_core.shell:Creating prefix script '/home/genesis/Desktop/from_joystick_to_esp32/install/local_setup.ps1'
[2.986s] INFO:colcon.colcon_core.shell:Creating prefix util module '/home/genesis/Desktop/from_joystick_to_esp32/install/_local_setup_util_ps1.py'
[2.988s] INFO:colcon.colcon_core.shell:Creating prefix chain script '/home/genesis/Desktop/from_joystick_to_esp32/install/setup.ps1'
[2.989s] INFO:colcon.colcon_core.shell:Creating prefix script '/home/genesis/Desktop/from_joystick_to_esp32/install/local_setup.sh'
[2.990s] INFO:colcon.colcon_core.shell:Creating prefix util module '/home/genesis/Desktop/from_joystick_to_esp32/install/_local_setup_util_sh.py'
[2.991s] INFO:colcon.colcon_core.shell:Creating prefix chain script '/home/genesis/Desktop/from_joystick_to_esp32/install/setup.sh'
[2.993s] INFO:colcon.colcon_core.shell:Creating prefix script '/home/genesis/Desktop/from_joystick_to_esp32/install/local_setup.bash'
[2.994s] INFO:colcon.colcon_core.shell:Creating prefix chain script '/home/genesis/Desktop/from_joystick_to_esp32/install/setup.bash'
[2.996s] INFO:colcon.colcon_core.shell:Creating prefix script '/home/genesis/Desktop/from_joystick_to_esp32/install/local_setup.zsh'
[2.996s] INFO:colcon.colcon_core.shell:Creating prefix chain script '/home/genesis/Desktop/from_joystick_to_esp32/install/setup.zsh'
