[0.140s] DEBUG:colcon:Command line arguments: ['/usr/bin/colcon', 'build']
[0.141s] DEBUG:colcon:Parsed command line arguments: Namespace(log_base=None, log_level=None, verb_name='build', build_base='build', install_base='install', merge_install=False, symlink_install=False, test_result_base=None, continue_on_error=False, executor='parallel', parallel_workers=4, event_handlers=None, ignore_user_meta=False, metas=['./colcon.meta'], base_paths=['.'], packages_ignore=None, packages_ignore_regex=None, paths=None, packages_up_to=None, packages_up_to_regex=None, packages_above=None, packages_above_and_dependencies=None, packages_above_depth=None, packages_select_by_dep=None, packages_skip_by_dep=None, packages_skip_up_to=None, packages_select_build_failed=False, packages_skip_build_finished=False, packages_select_test_failures=False, packages_skip_test_passed=False, packages_select=None, packages_skip=None, packages_select_regex=None, packages_skip_regex=None, packages_start=None, packages_end=None, allow_overriding=[], cmake_args=None, cmake_target=None, cmake_target_skip_unavailable=False, cmake_clean_cache=False, cmake_clean_first=False, cmake_force_configure=False, ament_cmake_args=None, catkin_cmake_args=None, catkin_skip_building_tests=False, mixin_files=None, mixin=None, verb_parser=<colcon_mixin.mixin.mixin_argument.MixinArgumentDecorator object at 0x74df31c0ec50>, verb_extension=<colcon_core.verb.build.BuildVerb object at 0x74df31c0e5c0>, main=<bound method BuildVerb.main of <colcon_core.verb.build.BuildVerb object at 0x74df31c0e5c0>>, mixin_verb=('build',))
[0.392s] Level 1:colcon.colcon_core.package_discovery:discover_packages(colcon_meta) check parameters
[0.392s] Level 1:colcon.colcon_core.package_discovery:discover_packages(recursive) check parameters
[0.392s] Level 1:colcon.colcon_core.package_discovery:discover_packages(ignore) check parameters
[0.392s] Level 1:colcon.colcon_core.package_discovery:discover_packages(path) check parameters
[0.392s] Level 1:colcon.colcon_core.package_discovery:discover_packages(colcon_meta) discover
[0.393s] Level 1:colcon.colcon_core.package_discovery:discover_packages(recursive) discover
[0.393s] INFO:colcon.colcon_core.package_discovery:Crawling recursively for packages in '/home/genesis/Desktop/from_joystick_to_esp32'
[0.393s] Level 1:colcon.colcon_core.package_identification:_identify(.) by extensions ['ignore', 'ignore_ament_install']
[0.393s] Level 1:colcon.colcon_core.package_identification:_identify(.) by extension 'ignore'
[0.393s] Level 1:colcon.colcon_core.package_identification:_identify(.) by extension 'ignore_ament_install'
[0.393s] Level 1:colcon.colcon_core.package_identification:_identify(.) by extensions ['colcon_pkg']
[0.393s] Level 1:colcon.colcon_core.package_identification:_identify(.) by extension 'colcon_pkg'
[0.393s] Level 1:colcon.colcon_core.package_identification:_identify(.) by extensions ['colcon_meta']
[0.393s] Level 1:colcon.colcon_core.package_identification:_identify(.) by extension 'colcon_meta'
[0.393s] Level 1:colcon.colcon_core.package_identification:_identify(.) by extensions ['ros']
[0.393s] Level 1:colcon.colcon_core.package_identification:_identify(.) by extension 'ros'
[0.407s] Level 1:colcon.colcon_core.package_identification:_identify(.) by extensions ['cmake', 'python']
[0.407s] Level 1:colcon.colcon_core.package_identification:_identify(.) by extension 'cmake'
[0.407s] Level 1:colcon.colcon_core.package_identification:_identify(.) by extension 'python'
[0.407s] Level 1:colcon.colcon_core.package_identification:_identify(.) by extensions ['python_setup_py']
[0.408s] Level 1:colcon.colcon_core.package_identification:_identify(.) by extension 'python_setup_py'
[0.408s] Level 1:colcon.colcon_core.package_identification:_identify(build) by extensions ['ignore', 'ignore_ament_install']
[0.408s] Level 1:colcon.colcon_core.package_identification:_identify(build) by extension 'ignore'
[0.408s] Level 1:colcon.colcon_core.package_identification:_identify(build) ignored
[0.408s] Level 1:colcon.colcon_core.package_identification:_identify(install) by extensions ['ignore', 'ignore_ament_install']
[0.408s] Level 1:colcon.colcon_core.package_identification:_identify(install) by extension 'ignore'
[0.408s] Level 1:colcon.colcon_core.package_identification:_identify(install) ignored
[0.408s] Level 1:colcon.colcon_core.package_identification:_identify(log) by extensions ['ignore', 'ignore_ament_install']
[0.408s] Level 1:colcon.colcon_core.package_identification:_identify(log) by extension 'ignore'
[0.409s] Level 1:colcon.colcon_core.package_identification:_identify(log) ignored
[0.409s] Level 1:colcon.colcon_core.package_identification:_identify(src) by extensions ['ignore', 'ignore_ament_install']
[0.409s] Level 1:colcon.colcon_core.package_identification:_identify(src) by extension 'ignore'
[0.409s] Level 1:colcon.colcon_core.package_identification:_identify(src) by extension 'ignore_ament_install'
[0.409s] Level 1:colcon.colcon_core.package_identification:_identify(src) by extensions ['colcon_pkg']
[0.409s] Level 1:colcon.colcon_core.package_identification:_identify(src) by extension 'colcon_pkg'
[0.409s] Level 1:colcon.colcon_core.package_identification:_identify(src) by extensions ['colcon_meta']
[0.409s] Level 1:colcon.colcon_core.package_identification:_identify(src) by extension 'colcon_meta'
[0.409s] Level 1:colcon.colcon_core.package_identification:_identify(src) by extensions ['ros']
[0.409s] Level 1:colcon.colcon_core.package_identification:_identify(src) by extension 'ros'
[0.409s] Level 1:colcon.colcon_core.package_identification:_identify(src) by extensions ['cmake', 'python']
[0.409s] Level 1:colcon.colcon_core.package_identification:_identify(src) by extension 'cmake'
[0.409s] Level 1:colcon.colcon_core.package_identification:_identify(src) by extension 'python'
[0.409s] Level 1:colcon.colcon_core.package_identification:_identify(src) by extensions ['python_setup_py']
[0.409s] Level 1:colcon.colcon_core.package_identification:_identify(src) by extension 'python_setup_py'
[0.410s] Level 1:colcon.colcon_core.package_identification:_identify(src/agent) by extensions ['ignore', 'ignore_ament_install']
[0.410s] Level 1:colcon.colcon_core.package_identification:_identify(src/agent) by extension 'ignore'
[0.410s] Level 1:colcon.colcon_core.package_identification:_identify(src/agent) by extension 'ignore_ament_install'
[0.410s] Level 1:colcon.colcon_core.package_identification:_identify(src/agent) by extensions ['colcon_pkg']
[0.410s] Level 1:colcon.colcon_core.package_identification:_identify(src/agent) by extension 'colcon_pkg'
[0.410s] Level 1:colcon.colcon_core.package_identification:_identify(src/agent) by extensions ['colcon_meta']
[0.410s] Level 1:colcon.colcon_core.package_identification:_identify(src/agent) by extension 'colcon_meta'
[0.410s] Level 1:colcon.colcon_core.package_identification:_identify(src/agent) by extensions ['ros']
[0.410s] Level 1:colcon.colcon_core.package_identification:_identify(src/agent) by extension 'ros'
[0.410s] Level 1:colcon.colcon_core.package_identification:_identify(src/agent) by extensions ['cmake', 'python']
[0.410s] Level 1:colcon.colcon_core.package_identification:_identify(src/agent) by extension 'cmake'
[0.410s] Level 1:colcon.colcon_core.package_identification:_identify(src/agent) by extension 'python'
[0.410s] Level 1:colcon.colcon_core.package_identification:_identify(src/agent) by extensions ['python_setup_py']
[0.410s] Level 1:colcon.colcon_core.package_identification:_identify(src/agent) by extension 'python_setup_py'
[0.411s] Level 1:colcon.colcon_core.package_identification:_identify(src/agent/build) by extensions ['ignore', 'ignore_ament_install']
[0.411s] Level 1:colcon.colcon_core.package_identification:_identify(src/agent/build) by extension 'ignore'
[0.411s] Level 1:colcon.colcon_core.package_identification:_identify(src/agent/build) ignored
[0.411s] Level 1:colcon.colcon_core.package_identification:_identify(src/agent/install) by extensions ['ignore', 'ignore_ament_install']
[0.411s] Level 1:colcon.colcon_core.package_identification:_identify(src/agent/install) by extension 'ignore'
[0.411s] Level 1:colcon.colcon_core.package_identification:_identify(src/agent/install) ignored
[0.411s] Level 1:colcon.colcon_core.package_identification:_identify(src/agent/log) by extensions ['ignore', 'ignore_ament_install']
[0.411s] Level 1:colcon.colcon_core.package_identification:_identify(src/agent/log) by extension 'ignore'
[0.411s] Level 1:colcon.colcon_core.package_identification:_identify(src/agent/log) ignored
[0.411s] Level 1:colcon.colcon_core.package_identification:_identify(src/agent/src) by extensions ['ignore', 'ignore_ament_install']
[0.412s] Level 1:colcon.colcon_core.package_identification:_identify(src/agent/src) by extension 'ignore'
[0.412s] Level 1:colcon.colcon_core.package_identification:_identify(src/agent/src) by extension 'ignore_ament_install'
[0.412s] Level 1:colcon.colcon_core.package_identification:_identify(src/agent/src) by extensions ['colcon_pkg']
[0.412s] Level 1:colcon.colcon_core.package_identification:_identify(src/agent/src) by extension 'colcon_pkg'
[0.412s] Level 1:colcon.colcon_core.package_identification:_identify(src/agent/src) by extensions ['colcon_meta']
[0.412s] Level 1:colcon.colcon_core.package_identification:_identify(src/agent/src) by extension 'colcon_meta'
[0.412s] Level 1:colcon.colcon_core.package_identification:_identify(src/agent/src) by extensions ['ros']
[0.412s] Level 1:colcon.colcon_core.package_identification:_identify(src/agent/src) by extension 'ros'
[0.412s] Level 1:colcon.colcon_core.package_identification:_identify(src/agent/src) by extensions ['cmake', 'python']
[0.412s] Level 1:colcon.colcon_core.package_identification:_identify(src/agent/src) by extension 'cmake'
[0.412s] Level 1:colcon.colcon_core.package_identification:_identify(src/agent/src) by extension 'python'
[0.412s] Level 1:colcon.colcon_core.package_identification:_identify(src/agent/src) by extensions ['python_setup_py']
[0.412s] Level 1:colcon.colcon_core.package_identification:_identify(src/agent/src) by extension 'python_setup_py'
[0.412s] Level 1:colcon.colcon_core.package_identification:_identify(src/agent/src/micro_ros_setup) by extensions ['ignore', 'ignore_ament_install']
[0.413s] Level 1:colcon.colcon_core.package_identification:_identify(src/agent/src/micro_ros_setup) by extension 'ignore'
[0.413s] Level 1:colcon.colcon_core.package_identification:_identify(src/agent/src/micro_ros_setup) by extension 'ignore_ament_install'
[0.413s] Level 1:colcon.colcon_core.package_identification:_identify(src/agent/src/micro_ros_setup) by extensions ['colcon_pkg']
[0.413s] Level 1:colcon.colcon_core.package_identification:_identify(src/agent/src/micro_ros_setup) by extension 'colcon_pkg'
[0.413s] Level 1:colcon.colcon_core.package_identification:_identify(src/agent/src/micro_ros_setup) by extensions ['colcon_meta']
[0.413s] Level 1:colcon.colcon_core.package_identification:_identify(src/agent/src/micro_ros_setup) by extension 'colcon_meta'
[0.413s] Level 1:colcon.colcon_core.package_identification:_identify(src/agent/src/micro_ros_setup) by extensions ['ros']
[0.413s] Level 1:colcon.colcon_core.package_identification:_identify(src/agent/src/micro_ros_setup) by extension 'ros'
[0.416s] DEBUG:colcon.colcon_core.package_identification:Package 'src/agent/src/micro_ros_setup' with type 'ros.ament_cmake' and name 'micro_ros_setup'
[0.416s] Level 1:colcon.colcon_core.package_identification:_identify(src/agent/src/uros) by extensions ['ignore', 'ignore_ament_install']
[0.417s] Level 1:colcon.colcon_core.package_identification:_identify(src/agent/src/uros) by extension 'ignore'
[0.417s] Level 1:colcon.colcon_core.package_identification:_identify(src/agent/src/uros) by extension 'ignore_ament_install'
[0.417s] Level 1:colcon.colcon_core.package_identification:_identify(src/agent/src/uros) by extensions ['colcon_pkg']
[0.417s] Level 1:colcon.colcon_core.package_identification:_identify(src/agent/src/uros) by extension 'colcon_pkg'
[0.417s] Level 1:colcon.colcon_core.package_identification:_identify(src/agent/src/uros) by extensions ['colcon_meta']
[0.417s] Level 1:colcon.colcon_core.package_identification:_identify(src/agent/src/uros) by extension 'colcon_meta'
[0.417s] Level 1:colcon.colcon_core.package_identification:_identify(src/agent/src/uros) by extensions ['ros']
[0.417s] Level 1:colcon.colcon_core.package_identification:_identify(src/agent/src/uros) by extension 'ros'
[0.417s] Level 1:colcon.colcon_core.package_identification:_identify(src/agent/src/uros) by extensions ['cmake', 'python']
[0.417s] Level 1:colcon.colcon_core.package_identification:_identify(src/agent/src/uros) by extension 'cmake'
[0.417s] Level 1:colcon.colcon_core.package_identification:_identify(src/agent/src/uros) by extension 'python'
[0.417s] Level 1:colcon.colcon_core.package_identification:_identify(src/agent/src/uros) by extensions ['python_setup_py']
[0.417s] Level 1:colcon.colcon_core.package_identification:_identify(src/agent/src/uros) by extension 'python_setup_py'
[0.418s] Level 1:colcon.colcon_core.package_identification:_identify(src/agent/src/uros/micro-ROS-Agent) by extensions ['ignore', 'ignore_ament_install']
[0.418s] Level 1:colcon.colcon_core.package_identification:_identify(src/agent/src/uros/micro-ROS-Agent) by extension 'ignore'
[0.418s] Level 1:colcon.colcon_core.package_identification:_identify(src/agent/src/uros/micro-ROS-Agent) by extension 'ignore_ament_install'
[0.418s] Level 1:colcon.colcon_core.package_identification:_identify(src/agent/src/uros/micro-ROS-Agent) by extensions ['colcon_pkg']
[0.418s] Level 1:colcon.colcon_core.package_identification:_identify(src/agent/src/uros/micro-ROS-Agent) by extension 'colcon_pkg'
[0.418s] Level 1:colcon.colcon_core.package_identification:_identify(src/agent/src/uros/micro-ROS-Agent) by extensions ['colcon_meta']
[0.418s] Level 1:colcon.colcon_core.package_identification:_identify(src/agent/src/uros/micro-ROS-Agent) by extension 'colcon_meta'
[0.418s] Level 1:colcon.colcon_core.package_identification:_identify(src/agent/src/uros/micro-ROS-Agent) by extensions ['ros']
[0.418s] Level 1:colcon.colcon_core.package_identification:_identify(src/agent/src/uros/micro-ROS-Agent) by extension 'ros'
[0.418s] Level 1:colcon.colcon_core.package_identification:_identify(src/agent/src/uros/micro-ROS-Agent) by extensions ['cmake', 'python']
[0.418s] Level 1:colcon.colcon_core.package_identification:_identify(src/agent/src/uros/micro-ROS-Agent) by extension 'cmake'
[0.418s] Level 1:colcon.colcon_core.package_identification:_identify(src/agent/src/uros/micro-ROS-Agent) by extension 'python'
[0.418s] Level 1:colcon.colcon_core.package_identification:_identify(src/agent/src/uros/micro-ROS-Agent) by extensions ['python_setup_py']
[0.418s] Level 1:colcon.colcon_core.package_identification:_identify(src/agent/src/uros/micro-ROS-Agent) by extension 'python_setup_py'
[0.419s] Level 1:colcon.colcon_core.package_identification:_identify(src/agent/src/uros/micro-ROS-Agent/micro_ros_agent) by extensions ['ignore', 'ignore_ament_install']
[0.419s] Level 1:colcon.colcon_core.package_identification:_identify(src/agent/src/uros/micro-ROS-Agent/micro_ros_agent) by extension 'ignore'
[0.419s] Level 1:colcon.colcon_core.package_identification:_identify(src/agent/src/uros/micro-ROS-Agent/micro_ros_agent) by extension 'ignore_ament_install'
[0.419s] Level 1:colcon.colcon_core.package_identification:_identify(src/agent/src/uros/micro-ROS-Agent/micro_ros_agent) by extensions ['colcon_pkg']
[0.419s] Level 1:colcon.colcon_core.package_identification:_identify(src/agent/src/uros/micro-ROS-Agent/micro_ros_agent) by extension 'colcon_pkg'
[0.419s] Level 1:colcon.colcon_core.package_identification:_identify(src/agent/src/uros/micro-ROS-Agent/micro_ros_agent) by extensions ['colcon_meta']
[0.419s] Level 1:colcon.colcon_core.package_identification:_identify(src/agent/src/uros/micro-ROS-Agent/micro_ros_agent) by extension 'colcon_meta'
[0.419s] Level 1:colcon.colcon_core.package_identification:_identify(src/agent/src/uros/micro-ROS-Agent/micro_ros_agent) by extensions ['ros']
[0.419s] Level 1:colcon.colcon_core.package_identification:_identify(src/agent/src/uros/micro-ROS-Agent/micro_ros_agent) by extension 'ros'
[0.420s] DEBUG:colcon.colcon_core.package_identification:Package 'src/agent/src/uros/micro-ROS-Agent/micro_ros_agent' with type 'ros.ament_cmake' and name 'micro_ros_agent'
[0.420s] Level 1:colcon.colcon_core.package_identification:_identify(src/agent/src/uros/micro-ROS-Agent/snap) by extensions ['ignore', 'ignore_ament_install']
[0.421s] Level 1:colcon.colcon_core.package_identification:_identify(src/agent/src/uros/micro-ROS-Agent/snap) by extension 'ignore'
[0.421s] Level 1:colcon.colcon_core.package_identification:_identify(src/agent/src/uros/micro-ROS-Agent/snap) by extension 'ignore_ament_install'
[0.421s] Level 1:colcon.colcon_core.package_identification:_identify(src/agent/src/uros/micro-ROS-Agent/snap) by extensions ['colcon_pkg']
[0.421s] Level 1:colcon.colcon_core.package_identification:_identify(src/agent/src/uros/micro-ROS-Agent/snap) by extension 'colcon_pkg'
[0.421s] Level 1:colcon.colcon_core.package_identification:_identify(src/agent/src/uros/micro-ROS-Agent/snap) by extensions ['colcon_meta']
[0.421s] Level 1:colcon.colcon_core.package_identification:_identify(src/agent/src/uros/micro-ROS-Agent/snap) by extension 'colcon_meta'
[0.421s] Level 1:colcon.colcon_core.package_identification:_identify(src/agent/src/uros/micro-ROS-Agent/snap) by extensions ['ros']
[0.421s] Level 1:colcon.colcon_core.package_identification:_identify(src/agent/src/uros/micro-ROS-Agent/snap) by extension 'ros'
[0.421s] Level 1:colcon.colcon_core.package_identification:_identify(src/agent/src/uros/micro-ROS-Agent/snap) by extensions ['cmake', 'python']
[0.421s] Level 1:colcon.colcon_core.package_identification:_identify(src/agent/src/uros/micro-ROS-Agent/snap) by extension 'cmake'
[0.421s] Level 1:colcon.colcon_core.package_identification:_identify(src/agent/src/uros/micro-ROS-Agent/snap) by extension 'python'
[0.421s] Level 1:colcon.colcon_core.package_identification:_identify(src/agent/src/uros/micro-ROS-Agent/snap) by extensions ['python_setup_py']
[0.421s] Level 1:colcon.colcon_core.package_identification:_identify(src/agent/src/uros/micro-ROS-Agent/snap) by extension 'python_setup_py'
[0.422s] Level 1:colcon.colcon_core.package_identification:_identify(src/agent/src/uros/micro-ROS-Agent/snap/hooks) by extensions ['ignore', 'ignore_ament_install']
[0.422s] Level 1:colcon.colcon_core.package_identification:_identify(src/agent/src/uros/micro-ROS-Agent/snap/hooks) by extension 'ignore'
[0.422s] Level 1:colcon.colcon_core.package_identification:_identify(src/agent/src/uros/micro-ROS-Agent/snap/hooks) by extension 'ignore_ament_install'
[0.422s] Level 1:colcon.colcon_core.package_identification:_identify(src/agent/src/uros/micro-ROS-Agent/snap/hooks) by extensions ['colcon_pkg']
[0.422s] Level 1:colcon.colcon_core.package_identification:_identify(src/agent/src/uros/micro-ROS-Agent/snap/hooks) by extension 'colcon_pkg'
[0.422s] Level 1:colcon.colcon_core.package_identification:_identify(src/agent/src/uros/micro-ROS-Agent/snap/hooks) by extensions ['colcon_meta']
[0.422s] Level 1:colcon.colcon_core.package_identification:_identify(src/agent/src/uros/micro-ROS-Agent/snap/hooks) by extension 'colcon_meta'
[0.422s] Level 1:colcon.colcon_core.package_identification:_identify(src/agent/src/uros/micro-ROS-Agent/snap/hooks) by extensions ['ros']
[0.422s] Level 1:colcon.colcon_core.package_identification:_identify(src/agent/src/uros/micro-ROS-Agent/snap/hooks) by extension 'ros'
[0.422s] Level 1:colcon.colcon_core.package_identification:_identify(src/agent/src/uros/micro-ROS-Agent/snap/hooks) by extensions ['cmake', 'python']
[0.422s] Level 1:colcon.colcon_core.package_identification:_identify(src/agent/src/uros/micro-ROS-Agent/snap/hooks) by extension 'cmake'
[0.422s] Level 1:colcon.colcon_core.package_identification:_identify(src/agent/src/uros/micro-ROS-Agent/snap/hooks) by extension 'python'
[0.422s] Level 1:colcon.colcon_core.package_identification:_identify(src/agent/src/uros/micro-ROS-Agent/snap/hooks) by extensions ['python_setup_py']
[0.422s] Level 1:colcon.colcon_core.package_identification:_identify(src/agent/src/uros/micro-ROS-Agent/snap/hooks) by extension 'python_setup_py'
[0.423s] Level 1:colcon.colcon_core.package_identification:_identify(src/agent/src/uros/micro-ROS-Agent/snap/local) by extensions ['ignore', 'ignore_ament_install']
[0.423s] Level 1:colcon.colcon_core.package_identification:_identify(src/agent/src/uros/micro-ROS-Agent/snap/local) by extension 'ignore'
[0.423s] Level 1:colcon.colcon_core.package_identification:_identify(src/agent/src/uros/micro-ROS-Agent/snap/local) by extension 'ignore_ament_install'
[0.423s] Level 1:colcon.colcon_core.package_identification:_identify(src/agent/src/uros/micro-ROS-Agent/snap/local) by extensions ['colcon_pkg']
[0.423s] Level 1:colcon.colcon_core.package_identification:_identify(src/agent/src/uros/micro-ROS-Agent/snap/local) by extension 'colcon_pkg'
[0.423s] Level 1:colcon.colcon_core.package_identification:_identify(src/agent/src/uros/micro-ROS-Agent/snap/local) by extensions ['colcon_meta']
[0.423s] Level 1:colcon.colcon_core.package_identification:_identify(src/agent/src/uros/micro-ROS-Agent/snap/local) by extension 'colcon_meta'
[0.423s] Level 1:colcon.colcon_core.package_identification:_identify(src/agent/src/uros/micro-ROS-Agent/snap/local) by extensions ['ros']
[0.423s] Level 1:colcon.colcon_core.package_identification:_identify(src/agent/src/uros/micro-ROS-Agent/snap/local) by extension 'ros'
[0.423s] Level 1:colcon.colcon_core.package_identification:_identify(src/agent/src/uros/micro-ROS-Agent/snap/local) by extensions ['cmake', 'python']
[0.423s] Level 1:colcon.colcon_core.package_identification:_identify(src/agent/src/uros/micro-ROS-Agent/snap/local) by extension 'cmake'
[0.423s] Level 1:colcon.colcon_core.package_identification:_identify(src/agent/src/uros/micro-ROS-Agent/snap/local) by extension 'python'
[0.423s] Level 1:colcon.colcon_core.package_identification:_identify(src/agent/src/uros/micro-ROS-Agent/snap/local) by extensions ['python_setup_py']
[0.423s] Level 1:colcon.colcon_core.package_identification:_identify(src/agent/src/uros/micro-ROS-Agent/snap/local) by extension 'python_setup_py'
[0.424s] Level 1:colcon.colcon_core.package_identification:_identify(src/agent/src/uros/micro_ros_msgs) by extensions ['ignore', 'ignore_ament_install']
[0.424s] Level 1:colcon.colcon_core.package_identification:_identify(src/agent/src/uros/micro_ros_msgs) by extension 'ignore'
[0.424s] Level 1:colcon.colcon_core.package_identification:_identify(src/agent/src/uros/micro_ros_msgs) by extension 'ignore_ament_install'
[0.424s] Level 1:colcon.colcon_core.package_identification:_identify(src/agent/src/uros/micro_ros_msgs) by extensions ['colcon_pkg']
[0.424s] Level 1:colcon.colcon_core.package_identification:_identify(src/agent/src/uros/micro_ros_msgs) by extension 'colcon_pkg'
[0.424s] Level 1:colcon.colcon_core.package_identification:_identify(src/agent/src/uros/micro_ros_msgs) by extensions ['colcon_meta']
[0.424s] Level 1:colcon.colcon_core.package_identification:_identify(src/agent/src/uros/micro_ros_msgs) by extension 'colcon_meta'
[0.424s] Level 1:colcon.colcon_core.package_identification:_identify(src/agent/src/uros/micro_ros_msgs) by extensions ['ros']
[0.424s] Level 1:colcon.colcon_core.package_identification:_identify(src/agent/src/uros/micro_ros_msgs) by extension 'ros'
[0.425s] DEBUG:colcon.colcon_core.package_identification:Package 'src/agent/src/uros/micro_ros_msgs' with type 'ros.ament_cmake' and name 'micro_ros_msgs'
[0.425s] Level 1:colcon.colcon_core.package_identification:_identify(src/joystick_control) by extensions ['ignore', 'ignore_ament_install']
[0.425s] Level 1:colcon.colcon_core.package_identification:_identify(src/joystick_control) by extension 'ignore'
[0.425s] Level 1:colcon.colcon_core.package_identification:_identify(src/joystick_control) by extension 'ignore_ament_install'
[0.425s] Level 1:colcon.colcon_core.package_identification:_identify(src/joystick_control) by extensions ['colcon_pkg']
[0.425s] Level 1:colcon.colcon_core.package_identification:_identify(src/joystick_control) by extension 'colcon_pkg'
[0.425s] Level 1:colcon.colcon_core.package_identification:_identify(src/joystick_control) by extensions ['colcon_meta']
[0.425s] Level 1:colcon.colcon_core.package_identification:_identify(src/joystick_control) by extension 'colcon_meta'
[0.425s] Level 1:colcon.colcon_core.package_identification:_identify(src/joystick_control) by extensions ['ros']
[0.425s] Level 1:colcon.colcon_core.package_identification:_identify(src/joystick_control) by extension 'ros'
[0.426s] DEBUG:colcon.colcon_core.package_identification:Package 'src/joystick_control' with type 'ros.ament_python' and name 'joystick_control'
[0.426s] Level 1:colcon.colcon_core.package_discovery:discover_packages(recursive) using defaults
[0.426s] Level 1:colcon.colcon_core.package_discovery:discover_packages(ignore) discover
[0.426s] Level 1:colcon.colcon_core.package_discovery:discover_packages(ignore) using defaults
[0.426s] Level 1:colcon.colcon_core.package_discovery:discover_packages(path) discover
[0.426s] Level 1:colcon.colcon_core.package_discovery:discover_packages(path) using defaults
[0.464s] Level 1:colcon.colcon_core.package_discovery:discover_packages(prefix_path) check parameters
[0.464s] Level 1:colcon.colcon_core.package_discovery:discover_packages(prefix_path) discover
[0.468s] DEBUG:colcon.colcon_installed_package_information.package_discovery:Found 270 installed packages in /opt/ros/humble
[0.470s] Level 1:colcon.colcon_core.package_discovery:discover_packages(prefix_path) using defaults
[0.524s] Level 5:colcon.colcon_core.verb:set package 'joystick_control' build argument 'cmake_args' from command line to 'None'
[0.524s] Level 5:colcon.colcon_core.verb:set package 'joystick_control' build argument 'cmake_target' from command line to 'None'
[0.524s] Level 5:colcon.colcon_core.verb:set package 'joystick_control' build argument 'cmake_target_skip_unavailable' from command line to 'False'
[0.524s] Level 5:colcon.colcon_core.verb:set package 'joystick_control' build argument 'cmake_clean_cache' from command line to 'False'
[0.524s] Level 5:colcon.colcon_core.verb:set package 'joystick_control' build argument 'cmake_clean_first' from command line to 'False'
[0.524s] Level 5:colcon.colcon_core.verb:set package 'joystick_control' build argument 'cmake_force_configure' from command line to 'False'
[0.524s] Level 5:colcon.colcon_core.verb:set package 'joystick_control' build argument 'ament_cmake_args' from command line to 'None'
[0.524s] Level 5:colcon.colcon_core.verb:set package 'joystick_control' build argument 'catkin_cmake_args' from command line to 'None'
[0.524s] Level 5:colcon.colcon_core.verb:set package 'joystick_control' build argument 'catkin_skip_building_tests' from command line to 'False'
[0.524s] DEBUG:colcon.colcon_core.verb:Building package 'joystick_control' with the following arguments: {'ament_cmake_args': None, 'build_base': '/home/genesis/Desktop/from_joystick_to_esp32/build/joystick_control', 'catkin_cmake_args': None, 'catkin_skip_building_tests': False, 'cmake_args': None, 'cmake_clean_cache': False, 'cmake_clean_first': False, 'cmake_force_configure': False, 'cmake_target': None, 'cmake_target_skip_unavailable': False, 'install_base': '/home/genesis/Desktop/from_joystick_to_esp32/install/joystick_control', 'merge_install': False, 'path': '/home/genesis/Desktop/from_joystick_to_esp32/src/joystick_control', 'symlink_install': False, 'test_result_base': None}
[0.525s] Level 5:colcon.colcon_core.verb:set package 'micro_ros_msgs' build argument 'cmake_args' from command line to 'None'
[0.525s] Level 5:colcon.colcon_core.verb:set package 'micro_ros_msgs' build argument 'cmake_target' from command line to 'None'
[0.525s] Level 5:colcon.colcon_core.verb:set package 'micro_ros_msgs' build argument 'cmake_target_skip_unavailable' from command line to 'False'
[0.525s] Level 5:colcon.colcon_core.verb:set package 'micro_ros_msgs' build argument 'cmake_clean_cache' from command line to 'False'
[0.525s] Level 5:colcon.colcon_core.verb:set package 'micro_ros_msgs' build argument 'cmake_clean_first' from command line to 'False'
[0.525s] Level 5:colcon.colcon_core.verb:set package 'micro_ros_msgs' build argument 'cmake_force_configure' from command line to 'False'
[0.525s] Level 5:colcon.colcon_core.verb:set package 'micro_ros_msgs' build argument 'ament_cmake_args' from command line to 'None'
[0.525s] Level 5:colcon.colcon_core.verb:set package 'micro_ros_msgs' build argument 'catkin_cmake_args' from command line to 'None'
[0.525s] Level 5:colcon.colcon_core.verb:set package 'micro_ros_msgs' build argument 'catkin_skip_building_tests' from command line to 'False'
[0.525s] DEBUG:colcon.colcon_core.verb:Building package 'micro_ros_msgs' with the following arguments: {'ament_cmake_args': None, 'build_base': '/home/genesis/Desktop/from_joystick_to_esp32/build/micro_ros_msgs', 'catkin_cmake_args': None, 'catkin_skip_building_tests': False, 'cmake_args': None, 'cmake_clean_cache': False, 'cmake_clean_first': False, 'cmake_force_configure': False, 'cmake_target': None, 'cmake_target_skip_unavailable': False, 'install_base': '/home/genesis/Desktop/from_joystick_to_esp32/install/micro_ros_msgs', 'merge_install': False, 'path': '/home/genesis/Desktop/from_joystick_to_esp32/src/agent/src/uros/micro_ros_msgs', 'symlink_install': False, 'test_result_base': None}
[0.526s] Level 5:colcon.colcon_core.verb:set package 'micro_ros_setup' build argument 'cmake_args' from command line to 'None'
[0.526s] Level 5:colcon.colcon_core.verb:set package 'micro_ros_setup' build argument 'cmake_target' from command line to 'None'
[0.526s] Level 5:colcon.colcon_core.verb:set package 'micro_ros_setup' build argument 'cmake_target_skip_unavailable' from command line to 'False'
[0.526s] Level 5:colcon.colcon_core.verb:set package 'micro_ros_setup' build argument 'cmake_clean_cache' from command line to 'False'
[0.526s] Level 5:colcon.colcon_core.verb:set package 'micro_ros_setup' build argument 'cmake_clean_first' from command line to 'False'
[0.526s] Level 5:colcon.colcon_core.verb:set package 'micro_ros_setup' build argument 'cmake_force_configure' from command line to 'False'
[0.526s] Level 5:colcon.colcon_core.verb:set package 'micro_ros_setup' build argument 'ament_cmake_args' from command line to 'None'
[0.526s] Level 5:colcon.colcon_core.verb:set package 'micro_ros_setup' build argument 'catkin_cmake_args' from command line to 'None'
[0.526s] Level 5:colcon.colcon_core.verb:set package 'micro_ros_setup' build argument 'catkin_skip_building_tests' from command line to 'False'
[0.526s] DEBUG:colcon.colcon_core.verb:Building package 'micro_ros_setup' with the following arguments: {'ament_cmake_args': None, 'build_base': '/home/genesis/Desktop/from_joystick_to_esp32/build/micro_ros_setup', 'catkin_cmake_args': None, 'catkin_skip_building_tests': False, 'cmake_args': None, 'cmake_clean_cache': False, 'cmake_clean_first': False, 'cmake_force_configure': False, 'cmake_target': None, 'cmake_target_skip_unavailable': False, 'install_base': '/home/genesis/Desktop/from_joystick_to_esp32/install/micro_ros_setup', 'merge_install': False, 'path': '/home/genesis/Desktop/from_joystick_to_esp32/src/agent/src/micro_ros_setup', 'symlink_install': False, 'test_result_base': None}
[0.527s] Level 5:colcon.colcon_core.verb:set package 'micro_ros_agent' build argument 'cmake_args' from command line to 'None'
[0.527s] Level 5:colcon.colcon_core.verb:set package 'micro_ros_agent' build argument 'cmake_target' from command line to 'None'
[0.527s] Level 5:colcon.colcon_core.verb:set package 'micro_ros_agent' build argument 'cmake_target_skip_unavailable' from command line to 'False'
[0.527s] Level 5:colcon.colcon_core.verb:set package 'micro_ros_agent' build argument 'cmake_clean_cache' from command line to 'False'
[0.527s] Level 5:colcon.colcon_core.verb:set package 'micro_ros_agent' build argument 'cmake_clean_first' from command line to 'False'
[0.527s] Level 5:colcon.colcon_core.verb:set package 'micro_ros_agent' build argument 'cmake_force_configure' from command line to 'False'
[0.527s] Level 5:colcon.colcon_core.verb:set package 'micro_ros_agent' build argument 'ament_cmake_args' from command line to 'None'
[0.527s] Level 5:colcon.colcon_core.verb:set package 'micro_ros_agent' build argument 'catkin_cmake_args' from command line to 'None'
[0.527s] Level 5:colcon.colcon_core.verb:set package 'micro_ros_agent' build argument 'catkin_skip_building_tests' from command line to 'False'
[0.527s] DEBUG:colcon.colcon_core.verb:Building package 'micro_ros_agent' with the following arguments: {'ament_cmake_args': None, 'build_base': '/home/genesis/Desktop/from_joystick_to_esp32/build/micro_ros_agent', 'catkin_cmake_args': None, 'catkin_skip_building_tests': False, 'cmake_args': None, 'cmake_clean_cache': False, 'cmake_clean_first': False, 'cmake_force_configure': False, 'cmake_target': None, 'cmake_target_skip_unavailable': False, 'install_base': '/home/genesis/Desktop/from_joystick_to_esp32/install/micro_ros_agent', 'merge_install': False, 'path': '/home/genesis/Desktop/from_joystick_to_esp32/src/agent/src/uros/micro-ROS-Agent/micro_ros_agent', 'symlink_install': False, 'test_result_base': None}
[0.527s] INFO:colcon.colcon_core.executor:Executing jobs using 'parallel' executor
[0.530s] DEBUG:colcon.colcon_parallel_executor.executor.parallel:run_until_complete
[0.530s] INFO:colcon.colcon_ros.task.ament_cmake.build:Building ROS package in '/home/genesis/Desktop/from_joystick_to_esp32/src/agent/src/uros/micro_ros_msgs' with build type 'ament_cmake'
[0.530s] INFO:colcon.colcon_cmake.task.cmake.build:Building CMake package in '/home/genesis/Desktop/from_joystick_to_esp32/src/agent/src/uros/micro_ros_msgs'
[0.533s] INFO:colcon.colcon_core.plugin_system:Skipping extension 'colcon_core.shell.bat': Not used on non-Windows systems
[0.533s] INFO:colcon.colcon_core.shell:Skip shell extension 'powershell' for command environment: Not usable outside of PowerShell
[0.534s] DEBUG:colcon.colcon_core.shell:Skip shell extension 'dsv' for command environment
[0.538s] INFO:colcon.colcon_ros.task.ament_python.build:Building ROS package in '/home/genesis/Desktop/from_joystick_to_esp32/src/joystick_control' with build type 'ament_python'
[0.538s] Level 1:colcon.colcon_core.shell:create_environment_hook('joystick_control', 'ament_prefix_path')
[0.538s] INFO:colcon.colcon_core.shell:Creating environment hook '/home/genesis/Desktop/from_joystick_to_esp32/install/joystick_control/share/joystick_control/hook/ament_prefix_path.ps1'
[0.539s] INFO:colcon.colcon_core.shell:Creating environment descriptor '/home/genesis/Desktop/from_joystick_to_esp32/install/joystick_control/share/joystick_control/hook/ament_prefix_path.dsv'
[0.540s] INFO:colcon.colcon_core.shell:Creating environment hook '/home/genesis/Desktop/from_joystick_to_esp32/install/joystick_control/share/joystick_control/hook/ament_prefix_path.sh'
[0.542s] INFO:colcon.colcon_core.shell:Skip shell extension 'powershell' for command environment: Not usable outside of PowerShell
[0.542s] DEBUG:colcon.colcon_core.shell:Skip shell extension 'dsv' for command environment
[0.545s] INFO:colcon.colcon_ros.task.ament_cmake.build:Building ROS package in '/home/genesis/Desktop/from_joystick_to_esp32/src/agent/src/micro_ros_setup' with build type 'ament_cmake'
[0.545s] INFO:colcon.colcon_cmake.task.cmake.build:Building CMake package in '/home/genesis/Desktop/from_joystick_to_esp32/src/agent/src/micro_ros_setup'
[0.546s] INFO:colcon.colcon_core.shell:Skip shell extension 'powershell' for command environment: Not usable outside of PowerShell
[0.546s] DEBUG:colcon.colcon_core.shell:Skip shell extension 'dsv' for command environment
[0.556s] DEBUG:colcon.colcon_core.event_handler.log_command:Invoking command in '/home/genesis/Desktop/from_joystick_to_esp32/build/micro_ros_msgs': CMAKE_PREFIX_PATH=/opt/ros/humble /usr/bin/cmake /home/genesis/Desktop/from_joystick_to_esp32/src/agent/src/uros/micro_ros_msgs -DCMAKE_INSTALL_PREFIX=/home/genesis/Desktop/from_joystick_to_esp32/install/micro_ros_msgs
[0.995s] INFO:colcon.colcon_core.task.python.build:Building Python package in '/home/genesis/Desktop/from_joystick_to_esp32/src/joystick_control'
[0.995s] INFO:colcon.colcon_core.shell:Skip shell extension 'powershell' for command environment: Not usable outside of PowerShell
[0.995s] DEBUG:colcon.colcon_core.shell:Skip shell extension 'dsv' for command environment
[1.010s] DEBUG:colcon.colcon_core.event_handler.log_command:Invoking command in '/home/genesis/Desktop/from_joystick_to_esp32/build/micro_ros_setup': CMAKE_PREFIX_PATH=/opt/ros/humble /usr/bin/cmake --build /home/genesis/Desktop/from_joystick_to_esp32/build/micro_ros_setup -- -j4 -l4
[1.073s] DEBUG:colcon.colcon_core.event_handler.log_command:Invoked command in '/home/genesis/Desktop/from_joystick_to_esp32/build/micro_ros_setup' returned '0': CMAKE_PREFIX_PATH=/opt/ros/humble /usr/bin/cmake --build /home/genesis/Desktop/from_joystick_to_esp32/build/micro_ros_setup -- -j4 -l4
[1.129s] DEBUG:colcon.colcon_core.event_handler.log_command:Invoking command in '/home/genesis/Desktop/from_joystick_to_esp32/build/micro_ros_setup': CMAKE_PREFIX_PATH=/opt/ros/humble /usr/bin/cmake --install /home/genesis/Desktop/from_joystick_to_esp32/build/micro_ros_setup
[1.211s] Level 1:colcon.colcon_core.environment:create_environment_scripts_only(micro_ros_setup)
[1.212s] DEBUG:colcon.colcon_core.event_handler.log_command:Invoked command in '/home/genesis/Desktop/from_joystick_to_esp32/build/micro_ros_setup' returned '0': CMAKE_PREFIX_PATH=/opt/ros/humble /usr/bin/cmake --install /home/genesis/Desktop/from_joystick_to_esp32/build/micro_ros_setup
[1.216s] Level 1:colcon.colcon_core.environment:checking '/home/genesis/Desktop/from_joystick_to_esp32/install/micro_ros_setup' for CMake module files
[1.218s] Level 1:colcon.colcon_core.environment:checking '/home/genesis/Desktop/from_joystick_to_esp32/install/micro_ros_setup' for CMake config files
[1.220s] Level 1:colcon.colcon_core.shell:create_environment_hook('micro_ros_setup', 'cmake_prefix_path')
[1.220s] INFO:colcon.colcon_core.shell:Creating environment hook '/home/genesis/Desktop/from_joystick_to_esp32/install/micro_ros_setup/share/micro_ros_setup/hook/cmake_prefix_path.ps1'
[1.221s] INFO:colcon.colcon_core.shell:Creating environment descriptor '/home/genesis/Desktop/from_joystick_to_esp32/install/micro_ros_setup/share/micro_ros_setup/hook/cmake_prefix_path.dsv'
[1.222s] INFO:colcon.colcon_core.shell:Creating environment hook '/home/genesis/Desktop/from_joystick_to_esp32/install/micro_ros_setup/share/micro_ros_setup/hook/cmake_prefix_path.sh'
[1.223s] Level 1:colcon.colcon_core.environment:checking '/home/genesis/Desktop/from_joystick_to_esp32/install/micro_ros_setup/lib'
[1.224s] Level 1:colcon.colcon_core.environment:checking '/home/genesis/Desktop/from_joystick_to_esp32/install/micro_ros_setup/bin'
[1.224s] Level 1:colcon.colcon_core.environment:checking '/home/genesis/Desktop/from_joystick_to_esp32/install/micro_ros_setup/lib/pkgconfig/micro_ros_setup.pc'
[1.224s] Level 1:colcon.colcon_core.environment:checking '/home/genesis/Desktop/from_joystick_to_esp32/install/micro_ros_setup/lib/python3.10/site-packages'
[1.225s] Level 1:colcon.colcon_core.environment:checking '/home/genesis/Desktop/from_joystick_to_esp32/install/micro_ros_setup/bin'
[1.225s] INFO:colcon.colcon_core.shell:Creating package script '/home/genesis/Desktop/from_joystick_to_esp32/install/micro_ros_setup/share/micro_ros_setup/package.ps1'
[1.227s] INFO:colcon.colcon_core.shell:Creating package descriptor '/home/genesis/Desktop/from_joystick_to_esp32/install/micro_ros_setup/share/micro_ros_setup/package.dsv'
[1.228s] INFO:colcon.colcon_core.shell:Creating package script '/home/genesis/Desktop/from_joystick_to_esp32/install/micro_ros_setup/share/micro_ros_setup/package.sh'
[1.230s] INFO:colcon.colcon_core.shell:Creating package script '/home/genesis/Desktop/from_joystick_to_esp32/install/micro_ros_setup/share/micro_ros_setup/package.bash'
[1.233s] INFO:colcon.colcon_core.shell:Creating package script '/home/genesis/Desktop/from_joystick_to_esp32/install/micro_ros_setup/share/micro_ros_setup/package.zsh'
[1.235s] Level 1:colcon.colcon_core.environment:create_file_with_runtime_dependencies(/home/genesis/Desktop/from_joystick_to_esp32/install/micro_ros_setup/share/colcon-core/packages/micro_ros_setup)
[1.288s] Level 1:colcon.colcon_core.environment:create_environment_scripts_only(micro_ros_setup)
[1.289s] Level 1:colcon.colcon_core.environment:checking '/home/genesis/Desktop/from_joystick_to_esp32/install/micro_ros_setup' for CMake module files
[1.290s] Level 1:colcon.colcon_core.environment:checking '/home/genesis/Desktop/from_joystick_to_esp32/install/micro_ros_setup' for CMake config files
[1.292s] Level 1:colcon.colcon_core.shell:create_environment_hook('micro_ros_setup', 'cmake_prefix_path')
[1.293s] INFO:colcon.colcon_core.shell:Creating environment hook '/home/genesis/Desktop/from_joystick_to_esp32/install/micro_ros_setup/share/micro_ros_setup/hook/cmake_prefix_path.ps1'
[1.294s] INFO:colcon.colcon_core.shell:Creating environment descriptor '/home/genesis/Desktop/from_joystick_to_esp32/install/micro_ros_setup/share/micro_ros_setup/hook/cmake_prefix_path.dsv'
[1.294s] INFO:colcon.colcon_core.shell:Creating environment hook '/home/genesis/Desktop/from_joystick_to_esp32/install/micro_ros_setup/share/micro_ros_setup/hook/cmake_prefix_path.sh'
[1.296s] Level 1:colcon.colcon_core.environment:checking '/home/genesis/Desktop/from_joystick_to_esp32/install/micro_ros_setup/lib'
[1.296s] Level 1:colcon.colcon_core.environment:checking '/home/genesis/Desktop/from_joystick_to_esp32/install/micro_ros_setup/bin'
[1.296s] Level 1:colcon.colcon_core.environment:checking '/home/genesis/Desktop/from_joystick_to_esp32/install/micro_ros_setup/lib/pkgconfig/micro_ros_setup.pc'
[1.296s] Level 1:colcon.colcon_core.environment:checking '/home/genesis/Desktop/from_joystick_to_esp32/install/micro_ros_setup/lib/python3.10/site-packages'
[1.297s] Level 1:colcon.colcon_core.environment:checking '/home/genesis/Desktop/from_joystick_to_esp32/install/micro_ros_setup/bin'
[1.298s] INFO:colcon.colcon_core.shell:Creating package script '/home/genesis/Desktop/from_joystick_to_esp32/install/micro_ros_setup/share/micro_ros_setup/package.ps1'
[1.299s] INFO:colcon.colcon_core.shell:Creating package descriptor '/home/genesis/Desktop/from_joystick_to_esp32/install/micro_ros_setup/share/micro_ros_setup/package.dsv'
[1.300s] INFO:colcon.colcon_core.shell:Creating package script '/home/genesis/Desktop/from_joystick_to_esp32/install/micro_ros_setup/share/micro_ros_setup/package.sh'
[1.301s] INFO:colcon.colcon_core.shell:Creating package script '/home/genesis/Desktop/from_joystick_to_esp32/install/micro_ros_setup/share/micro_ros_setup/package.bash'
[1.302s] INFO:colcon.colcon_core.shell:Creating package script '/home/genesis/Desktop/from_joystick_to_esp32/install/micro_ros_setup/share/micro_ros_setup/package.zsh'
[1.303s] Level 1:colcon.colcon_core.environment:create_file_with_runtime_dependencies(/home/genesis/Desktop/from_joystick_to_esp32/install/micro_ros_setup/share/colcon-core/packages/micro_ros_setup)
[1.786s] DEBUG:colcon.colcon_core.event_handler.log_command:Invoking command in '/home/genesis/Desktop/from_joystick_to_esp32/src/joystick_control': PYTHONPATH=/home/genesis/Desktop/from_joystick_to_esp32/build/joystick_control/prefix_override:/usr/lib/python3/dist-packages/colcon_core/task/python/colcon_distutils_commands:/home/genesis/Desktop/from_joystick_to_esp32/install/joystick_control/lib/python3.10/site-packages:${PYTHONPATH} /usr/bin/python3 -W ignore:setup.py install is deprecated setup.py egg_info --egg-base ../../build/joystick_control build --build-base /home/genesis/Desktop/from_joystick_to_esp32/build/joystick_control/build install --record /home/genesis/Desktop/from_joystick_to_esp32/build/joystick_control/install.log --single-version-externally-managed install_data
[2.169s] DEBUG:colcon.colcon_core.event_handler.log_command:Invoked command in '/home/genesis/Desktop/from_joystick_to_esp32/build/micro_ros_msgs' returned '0': CMAKE_PREFIX_PATH=/opt/ros/humble /usr/bin/cmake /home/genesis/Desktop/from_joystick_to_esp32/src/agent/src/uros/micro_ros_msgs -DCMAKE_INSTALL_PREFIX=/home/genesis/Desktop/from_joystick_to_esp32/install/micro_ros_msgs
[2.170s] DEBUG:colcon.colcon_core.event_handler.log_command:Invoking command in '/home/genesis/Desktop/from_joystick_to_esp32/build/micro_ros_msgs': CMAKE_PREFIX_PATH=/opt/ros/humble /usr/bin/cmake --build /home/genesis/Desktop/from_joystick_to_esp32/build/micro_ros_msgs -- -j4 -l4
[2.471s] Level 1:colcon.colcon_core.environment:checking '/home/genesis/Desktop/from_joystick_to_esp32/install/joystick_control' for CMake module files
[2.472s] Level 1:colcon.colcon_core.environment:checking '/home/genesis/Desktop/from_joystick_to_esp32/install/joystick_control' for CMake config files
[2.473s] Level 1:colcon.colcon_core.environment:checking '/home/genesis/Desktop/from_joystick_to_esp32/install/joystick_control/lib'
[2.474s] Level 1:colcon.colcon_core.environment:checking '/home/genesis/Desktop/from_joystick_to_esp32/install/joystick_control/bin'
[2.474s] Level 1:colcon.colcon_core.environment:checking '/home/genesis/Desktop/from_joystick_to_esp32/install/joystick_control/lib/pkgconfig/joystick_control.pc'
[2.474s] Level 1:colcon.colcon_core.environment:checking '/home/genesis/Desktop/from_joystick_to_esp32/install/joystick_control/lib/python3.10/site-packages'
[2.474s] Level 1:colcon.colcon_core.shell:create_environment_hook('joystick_control', 'pythonpath')
[2.475s] INFO:colcon.colcon_core.shell:Creating environment hook '/home/genesis/Desktop/from_joystick_to_esp32/install/joystick_control/share/joystick_control/hook/pythonpath.ps1'
[2.476s] DEBUG:colcon.colcon_core.event_handler.log_command:Invoked command in '/home/genesis/Desktop/from_joystick_to_esp32/src/joystick_control' returned '0': PYTHONPATH=/home/genesis/Desktop/from_joystick_to_esp32/build/joystick_control/prefix_override:/usr/lib/python3/dist-packages/colcon_core/task/python/colcon_distutils_commands:/home/genesis/Desktop/from_joystick_to_esp32/install/joystick_control/lib/python3.10/site-packages:${PYTHONPATH} /usr/bin/python3 -W ignore:setup.py install is deprecated setup.py egg_info --egg-base ../../build/joystick_control build --build-base /home/genesis/Desktop/from_joystick_to_esp32/build/joystick_control/build install --record /home/genesis/Desktop/from_joystick_to_esp32/build/joystick_control/install.log --single-version-externally-managed install_data
[2.477s] INFO:colcon.colcon_core.shell:Creating environment descriptor '/home/genesis/Desktop/from_joystick_to_esp32/install/joystick_control/share/joystick_control/hook/pythonpath.dsv'
[2.478s] INFO:colcon.colcon_core.shell:Creating environment hook '/home/genesis/Desktop/from_joystick_to_esp32/install/joystick_control/share/joystick_control/hook/pythonpath.sh'
[2.479s] Level 1:colcon.colcon_core.environment:checking '/home/genesis/Desktop/from_joystick_to_esp32/install/joystick_control/bin'
[2.479s] Level 1:colcon.colcon_core.environment:create_environment_scripts_only(joystick_control)
[2.480s] INFO:colcon.colcon_core.shell:Creating package script '/home/genesis/Desktop/from_joystick_to_esp32/install/joystick_control/share/joystick_control/package.ps1'
[2.481s] INFO:colcon.colcon_core.shell:Creating package descriptor '/home/genesis/Desktop/from_joystick_to_esp32/install/joystick_control/share/joystick_control/package.dsv'
[2.486s] INFO:colcon.colcon_core.shell:Creating package script '/home/genesis/Desktop/from_joystick_to_esp32/install/joystick_control/share/joystick_control/package.sh'
[2.487s] INFO:colcon.colcon_core.shell:Creating package script '/home/genesis/Desktop/from_joystick_to_esp32/install/joystick_control/share/joystick_control/package.bash'
[2.488s] INFO:colcon.colcon_core.shell:Creating package script '/home/genesis/Desktop/from_joystick_to_esp32/install/joystick_control/share/joystick_control/package.zsh'
[2.488s] Level 1:colcon.colcon_core.environment:create_file_with_runtime_dependencies(/home/genesis/Desktop/from_joystick_to_esp32/install/joystick_control/share/colcon-core/packages/joystick_control)
[2.871s] DEBUG:colcon.colcon_core.event_handler.log_command:Invoked command in '/home/genesis/Desktop/from_joystick_to_esp32/build/micro_ros_msgs' returned '0': CMAKE_PREFIX_PATH=/opt/ros/humble /usr/bin/cmake --build /home/genesis/Desktop/from_joystick_to_esp32/build/micro_ros_msgs -- -j4 -l4
[2.983s] DEBUG:colcon.colcon_core.event_handler.log_command:Invoking command in '/home/genesis/Desktop/from_joystick_to_esp32/build/micro_ros_msgs': CMAKE_PREFIX_PATH=/opt/ros/humble /usr/bin/cmake --install /home/genesis/Desktop/from_joystick_to_esp32/build/micro_ros_msgs
[3.099s] Level 1:colcon.colcon_core.environment:create_environment_scripts_only(micro_ros_msgs)
[3.099s] Level 1:colcon.colcon_core.environment:checking '/home/genesis/Desktop/from_joystick_to_esp32/install/micro_ros_msgs' for CMake module files
[3.100s] DEBUG:colcon.colcon_core.event_handler.log_command:Invoked command in '/home/genesis/Desktop/from_joystick_to_esp32/build/micro_ros_msgs' returned '0': CMAKE_PREFIX_PATH=/opt/ros/humble /usr/bin/cmake --install /home/genesis/Desktop/from_joystick_to_esp32/build/micro_ros_msgs
[3.101s] Level 1:colcon.colcon_core.environment:checking '/home/genesis/Desktop/from_joystick_to_esp32/install/micro_ros_msgs' for CMake config files
[3.102s] Level 1:colcon.colcon_core.shell:create_environment_hook('micro_ros_msgs', 'cmake_prefix_path')
[3.103s] INFO:colcon.colcon_core.shell:Creating environment hook '/home/genesis/Desktop/from_joystick_to_esp32/install/micro_ros_msgs/share/micro_ros_msgs/hook/cmake_prefix_path.ps1'
[3.103s] INFO:colcon.colcon_core.shell:Creating environment descriptor '/home/genesis/Desktop/from_joystick_to_esp32/install/micro_ros_msgs/share/micro_ros_msgs/hook/cmake_prefix_path.dsv'
[3.104s] INFO:colcon.colcon_core.shell:Creating environment hook '/home/genesis/Desktop/from_joystick_to_esp32/install/micro_ros_msgs/share/micro_ros_msgs/hook/cmake_prefix_path.sh'
[3.104s] Level 1:colcon.colcon_core.environment:checking '/home/genesis/Desktop/from_joystick_to_esp32/install/micro_ros_msgs/lib'
[3.105s] Level 1:colcon.colcon_core.shell:create_environment_hook('micro_ros_msgs', 'ld_library_path_lib')
[3.105s] INFO:colcon.colcon_core.shell:Creating environment hook '/home/genesis/Desktop/from_joystick_to_esp32/install/micro_ros_msgs/share/micro_ros_msgs/hook/ld_library_path_lib.ps1'
[3.105s] INFO:colcon.colcon_core.shell:Creating environment descriptor '/home/genesis/Desktop/from_joystick_to_esp32/install/micro_ros_msgs/share/micro_ros_msgs/hook/ld_library_path_lib.dsv'
[3.106s] INFO:colcon.colcon_core.shell:Creating environment hook '/home/genesis/Desktop/from_joystick_to_esp32/install/micro_ros_msgs/share/micro_ros_msgs/hook/ld_library_path_lib.sh'
[3.106s] Level 1:colcon.colcon_core.environment:checking '/home/genesis/Desktop/from_joystick_to_esp32/install/micro_ros_msgs/bin'
[3.106s] Level 1:colcon.colcon_core.environment:checking '/home/genesis/Desktop/from_joystick_to_esp32/install/micro_ros_msgs/lib/pkgconfig/micro_ros_msgs.pc'
[3.107s] Level 1:colcon.colcon_core.environment:checking '/home/genesis/Desktop/from_joystick_to_esp32/install/micro_ros_msgs/lib/python3.10/site-packages'
[3.107s] Level 1:colcon.colcon_core.environment:checking '/home/genesis/Desktop/from_joystick_to_esp32/install/micro_ros_msgs/bin'
[3.107s] INFO:colcon.colcon_core.shell:Creating package script '/home/genesis/Desktop/from_joystick_to_esp32/install/micro_ros_msgs/share/micro_ros_msgs/package.ps1'
[3.108s] INFO:colcon.colcon_core.shell:Creating package descriptor '/home/genesis/Desktop/from_joystick_to_esp32/install/micro_ros_msgs/share/micro_ros_msgs/package.dsv'
[3.109s] INFO:colcon.colcon_core.shell:Creating package script '/home/genesis/Desktop/from_joystick_to_esp32/install/micro_ros_msgs/share/micro_ros_msgs/package.sh'
[3.109s] INFO:colcon.colcon_core.shell:Creating package script '/home/genesis/Desktop/from_joystick_to_esp32/install/micro_ros_msgs/share/micro_ros_msgs/package.bash'
[3.110s] INFO:colcon.colcon_core.shell:Creating package script '/home/genesis/Desktop/from_joystick_to_esp32/install/micro_ros_msgs/share/micro_ros_msgs/package.zsh'
[3.110s] Level 1:colcon.colcon_core.environment:create_file_with_runtime_dependencies(/home/genesis/Desktop/from_joystick_to_esp32/install/micro_ros_msgs/share/colcon-core/packages/micro_ros_msgs)
[3.225s] Level 1:colcon.colcon_core.environment:create_environment_scripts_only(micro_ros_msgs)
[3.225s] Level 1:colcon.colcon_core.environment:checking '/home/genesis/Desktop/from_joystick_to_esp32/install/micro_ros_msgs' for CMake module files
[3.226s] Level 1:colcon.colcon_core.environment:checking '/home/genesis/Desktop/from_joystick_to_esp32/install/micro_ros_msgs' for CMake config files
[3.228s] Level 1:colcon.colcon_core.shell:create_environment_hook('micro_ros_msgs', 'cmake_prefix_path')
[3.228s] INFO:colcon.colcon_core.shell:Creating environment hook '/home/genesis/Desktop/from_joystick_to_esp32/install/micro_ros_msgs/share/micro_ros_msgs/hook/cmake_prefix_path.ps1'
[3.229s] INFO:colcon.colcon_core.shell:Creating environment descriptor '/home/genesis/Desktop/from_joystick_to_esp32/install/micro_ros_msgs/share/micro_ros_msgs/hook/cmake_prefix_path.dsv'
[3.229s] INFO:colcon.colcon_core.shell:Creating environment hook '/home/genesis/Desktop/from_joystick_to_esp32/install/micro_ros_msgs/share/micro_ros_msgs/hook/cmake_prefix_path.sh'
[3.230s] Level 1:colcon.colcon_core.environment:checking '/home/genesis/Desktop/from_joystick_to_esp32/install/micro_ros_msgs/lib'
[3.230s] Level 1:colcon.colcon_core.shell:create_environment_hook('micro_ros_msgs', 'ld_library_path_lib')
[3.231s] INFO:colcon.colcon_core.shell:Creating environment hook '/home/genesis/Desktop/from_joystick_to_esp32/install/micro_ros_msgs/share/micro_ros_msgs/hook/ld_library_path_lib.ps1'
[3.231s] INFO:colcon.colcon_core.shell:Creating environment descriptor '/home/genesis/Desktop/from_joystick_to_esp32/install/micro_ros_msgs/share/micro_ros_msgs/hook/ld_library_path_lib.dsv'
[3.232s] INFO:colcon.colcon_core.shell:Creating environment hook '/home/genesis/Desktop/from_joystick_to_esp32/install/micro_ros_msgs/share/micro_ros_msgs/hook/ld_library_path_lib.sh'
[3.233s] Level 1:colcon.colcon_core.environment:checking '/home/genesis/Desktop/from_joystick_to_esp32/install/micro_ros_msgs/bin'
[3.233s] Level 1:colcon.colcon_core.environment:checking '/home/genesis/Desktop/from_joystick_to_esp32/install/micro_ros_msgs/lib/pkgconfig/micro_ros_msgs.pc'
[3.233s] Level 1:colcon.colcon_core.environment:checking '/home/genesis/Desktop/from_joystick_to_esp32/install/micro_ros_msgs/lib/python3.10/site-packages'
[3.233s] Level 1:colcon.colcon_core.environment:checking '/home/genesis/Desktop/from_joystick_to_esp32/install/micro_ros_msgs/bin'
[3.234s] INFO:colcon.colcon_core.shell:Creating package script '/home/genesis/Desktop/from_joystick_to_esp32/install/micro_ros_msgs/share/micro_ros_msgs/package.ps1'
[3.235s] INFO:colcon.colcon_core.shell:Creating package descriptor '/home/genesis/Desktop/from_joystick_to_esp32/install/micro_ros_msgs/share/micro_ros_msgs/package.dsv'
[3.236s] INFO:colcon.colcon_core.shell:Creating package script '/home/genesis/Desktop/from_joystick_to_esp32/install/micro_ros_msgs/share/micro_ros_msgs/package.sh'
[3.236s] INFO:colcon.colcon_core.shell:Creating package script '/home/genesis/Desktop/from_joystick_to_esp32/install/micro_ros_msgs/share/micro_ros_msgs/package.bash'
[3.237s] INFO:colcon.colcon_core.shell:Creating package script '/home/genesis/Desktop/from_joystick_to_esp32/install/micro_ros_msgs/share/micro_ros_msgs/package.zsh'
[3.238s] Level 1:colcon.colcon_core.environment:create_file_with_runtime_dependencies(/home/genesis/Desktop/from_joystick_to_esp32/install/micro_ros_msgs/share/colcon-core/packages/micro_ros_msgs)
[3.238s] INFO:colcon.colcon_ros.task.ament_cmake.build:Building ROS package in '/home/genesis/Desktop/from_joystick_to_esp32/src/agent/src/uros/micro-ROS-Agent/micro_ros_agent' with build type 'ament_cmake'
[3.239s] INFO:colcon.colcon_cmake.task.cmake.build:Building CMake package in '/home/genesis/Desktop/from_joystick_to_esp32/src/agent/src/uros/micro-ROS-Agent/micro_ros_agent'
[3.239s] INFO:colcon.colcon_core.shell:Skip shell extension 'powershell' for command environment: Not usable outside of PowerShell
[3.239s] DEBUG:colcon.colcon_core.shell:Skip shell extension 'dsv' for command environment
[3.256s] DEBUG:colcon.colcon_core.event_handler.log_command:Invoking command in '/home/genesis/Desktop/from_joystick_to_esp32/build/micro_ros_agent': AMENT_PREFIX_PATH=/home/genesis/Desktop/from_joystick_to_esp32/install/micro_ros_msgs:${AMENT_PREFIX_PATH} CMAKE_PREFIX_PATH=/home/genesis/Desktop/from_joystick_to_esp32/install/micro_ros_msgs:/opt/ros/humble LD_LIBRARY_PATH=/home/genesis/Desktop/from_joystick_to_esp32/install/micro_ros_msgs/lib:${LD_LIBRARY_PATH} PYTHONPATH=/home/genesis/Desktop/from_joystick_to_esp32/install/micro_ros_msgs/local/lib/python3.10/dist-packages:${PYTHONPATH} /usr/bin/cmake /home/genesis/Desktop/from_joystick_to_esp32/src/agent/src/uros/micro-ROS-Agent/micro_ros_agent -DCMAKE_INSTALL_PREFIX=/home/genesis/Desktop/from_joystick_to_esp32/install/micro_ros_agent
[3.341s] DEBUG:colcon.colcon_core.event_handler.log_command:Invoked command in '/home/genesis/Desktop/from_joystick_to_esp32/build/micro_ros_agent' returned '0': AMENT_PREFIX_PATH=/home/genesis/Desktop/from_joystick_to_esp32/install/micro_ros_msgs:${AMENT_PREFIX_PATH} CMAKE_PREFIX_PATH=/home/genesis/Desktop/from_joystick_to_esp32/install/micro_ros_msgs:/opt/ros/humble LD_LIBRARY_PATH=/home/genesis/Desktop/from_joystick_to_esp32/install/micro_ros_msgs/lib:${LD_LIBRARY_PATH} PYTHONPATH=/home/genesis/Desktop/from_joystick_to_esp32/install/micro_ros_msgs/local/lib/python3.10/dist-packages:${PYTHONPATH} /usr/bin/cmake /home/genesis/Desktop/from_joystick_to_esp32/src/agent/src/uros/micro-ROS-Agent/micro_ros_agent -DCMAKE_INSTALL_PREFIX=/home/genesis/Desktop/from_joystick_to_esp32/install/micro_ros_agent
[3.345s] DEBUG:colcon.colcon_core.event_handler.log_command:Invoking command in '/home/genesis/Desktop/from_joystick_to_esp32/build/micro_ros_agent': AMENT_PREFIX_PATH=/home/genesis/Desktop/from_joystick_to_esp32/install/micro_ros_msgs:${AMENT_PREFIX_PATH} CMAKE_PREFIX_PATH=/home/genesis/Desktop/from_joystick_to_esp32/install/micro_ros_msgs:/opt/ros/humble LD_LIBRARY_PATH=/home/genesis/Desktop/from_joystick_to_esp32/install/micro_ros_msgs/lib:${LD_LIBRARY_PATH} PYTHONPATH=/home/genesis/Desktop/from_joystick_to_esp32/install/micro_ros_msgs/local/lib/python3.10/dist-packages:${PYTHONPATH} /usr/bin/cmake --build /home/genesis/Desktop/from_joystick_to_esp32/build/micro_ros_agent -- -j4 -l4
[4.072s] DEBUG:colcon.colcon_core.event_handler.log_command:Invoked command in '/home/genesis/Desktop/from_joystick_to_esp32/build/micro_ros_agent' returned '2': AMENT_PREFIX_PATH=/home/genesis/Desktop/from_joystick_to_esp32/install/micro_ros_msgs:${AMENT_PREFIX_PATH} CMAKE_PREFIX_PATH=/home/genesis/Desktop/from_joystick_to_esp32/install/micro_ros_msgs:/opt/ros/humble LD_LIBRARY_PATH=/home/genesis/Desktop/from_joystick_to_esp32/install/micro_ros_msgs/lib:${LD_LIBRARY_PATH} PYTHONPATH=/home/genesis/Desktop/from_joystick_to_esp32/install/micro_ros_msgs/local/lib/python3.10/dist-packages:${PYTHONPATH} /usr/bin/cmake --build /home/genesis/Desktop/from_joystick_to_esp32/build/micro_ros_agent -- -j4 -l4
[4.098s] Level 1:colcon.colcon_core.environment:create_environment_scripts_only(micro_ros_agent)
[4.099s] Level 1:colcon.colcon_core.environment:checking '/home/genesis/Desktop/from_joystick_to_esp32/install/micro_ros_agent' for CMake module files
[4.099s] Level 1:colcon.colcon_core.environment:checking '/home/genesis/Desktop/from_joystick_to_esp32/install/micro_ros_agent' for CMake config files
[4.100s] Level 1:colcon.colcon_core.environment:checking '/home/genesis/Desktop/from_joystick_to_esp32/install/micro_ros_agent/bin'
[4.100s] Level 1:colcon.colcon_core.environment:checking '/home/genesis/Desktop/from_joystick_to_esp32/install/micro_ros_agent/lib/pkgconfig/micro_ros_agent.pc'
[4.101s] Level 1:colcon.colcon_core.environment:checking '/home/genesis/Desktop/from_joystick_to_esp32/install/micro_ros_agent/lib/python3.10/site-packages'
[4.101s] Level 1:colcon.colcon_core.environment:checking '/home/genesis/Desktop/from_joystick_to_esp32/install/micro_ros_agent/bin'
[4.101s] INFO:colcon.colcon_core.shell:Creating package script '/home/genesis/Desktop/from_joystick_to_esp32/install/micro_ros_agent/share/micro_ros_agent/package.ps1'
[4.102s] INFO:colcon.colcon_core.shell:Creating package descriptor '/home/genesis/Desktop/from_joystick_to_esp32/install/micro_ros_agent/share/micro_ros_agent/package.dsv'
[4.103s] INFO:colcon.colcon_core.shell:Creating package script '/home/genesis/Desktop/from_joystick_to_esp32/install/micro_ros_agent/share/micro_ros_agent/package.sh'
[4.103s] INFO:colcon.colcon_core.shell:Creating package script '/home/genesis/Desktop/from_joystick_to_esp32/install/micro_ros_agent/share/micro_ros_agent/package.bash'
[4.104s] INFO:colcon.colcon_core.shell:Creating package script '/home/genesis/Desktop/from_joystick_to_esp32/install/micro_ros_agent/share/micro_ros_agent/package.zsh'
[4.104s] Level 1:colcon.colcon_core.environment:create_file_with_runtime_dependencies(/home/genesis/Desktop/from_joystick_to_esp32/install/micro_ros_agent/share/colcon-core/packages/micro_ros_agent)
[4.115s] DEBUG:colcon.colcon_parallel_executor.executor.parallel:closing loop
[4.115s] DEBUG:colcon.colcon_parallel_executor.executor.parallel:loop closed
[4.115s] DEBUG:colcon.colcon_parallel_executor.executor.parallel:run_until_complete finished with '2'
[4.115s] DEBUG:colcon.colcon_core.event_reactor:joining thread
[4.127s] INFO:colcon.colcon_core.plugin_system:Skipping extension 'colcon_notification.desktop_notification.terminal_notifier': Not used on non-Darwin systems
[4.127s] INFO:colcon.colcon_core.plugin_system:Skipping extension 'colcon_notification.desktop_notification.win32': Not used on non-Windows systems
[4.127s] INFO:colcon.colcon_notification.desktop_notification:Sending desktop notification using 'notify2'
[4.146s] DEBUG:colcon.colcon_core.event_reactor:joined thread
[4.147s] INFO:colcon.colcon_core.shell:Creating prefix script '/home/genesis/Desktop/from_joystick_to_esp32/install/local_setup.ps1'
[4.148s] INFO:colcon.colcon_core.shell:Creating prefix util module '/home/genesis/Desktop/from_joystick_to_esp32/install/_local_setup_util_ps1.py'
[4.151s] INFO:colcon.colcon_core.shell:Creating prefix chain script '/home/genesis/Desktop/from_joystick_to_esp32/install/setup.ps1'
[4.153s] INFO:colcon.colcon_core.shell:Creating prefix script '/home/genesis/Desktop/from_joystick_to_esp32/install/local_setup.sh'
[4.155s] INFO:colcon.colcon_core.shell:Creating prefix util module '/home/genesis/Desktop/from_joystick_to_esp32/install/_local_setup_util_sh.py'
[4.156s] INFO:colcon.colcon_core.shell:Creating prefix chain script '/home/genesis/Desktop/from_joystick_to_esp32/install/setup.sh'
[4.158s] INFO:colcon.colcon_core.shell:Creating prefix script '/home/genesis/Desktop/from_joystick_to_esp32/install/local_setup.bash'
[4.159s] INFO:colcon.colcon_core.shell:Creating prefix chain script '/home/genesis/Desktop/from_joystick_to_esp32/install/setup.bash'
[4.161s] INFO:colcon.colcon_core.shell:Creating prefix script '/home/genesis/Desktop/from_joystick_to_esp32/install/local_setup.zsh'
[4.163s] INFO:colcon.colcon_core.shell:Creating prefix chain script '/home/genesis/Desktop/from_joystick_to_esp32/install/setup.zsh'
